Using pre-set license
Built from '2022.1/staging' branch; Version is '2022.1.19f1 (2fd7b40534d1) revision 3135412'; Using compiler version '192829333'; Build Type 'Release'
OS: 'Windows 10  (10.0.19044) 64bit Core' Language: 'en' Physical Memory: 32699 MB
BatchMode: 1, IsHumanControllingUs: 0, StartBugReporterOnCrash: 0, Is64bit: 1, IsPro: 1

COMMAND LINE ARGUMENTS:
S:\Unity\2022.1.19f1\Editor\Unity.exe
-adb2
-batchMode
-noUpm
-name
AssetImportWorker1
-projectPath
S:/Senior Seminar/Vr_Diagnosis/Diagnosis-Simulator-Official/Diagnosis-Simulator
-logFile
Logs/AssetImportWorker1.log
-srvPort
59253
Successfully changed project path to: S:/Senior Seminar/Vr_Diagnosis/Diagnosis-Simulator-Official/Diagnosis-Simulator
S:/Senior Seminar/Vr_Diagnosis/Diagnosis-Simulator-Official/Diagnosis-Simulator
[UnityMemory] Configuration Parameters - Can be set up in boot.config
    "memorysetup-bucket-allocator-granularity=16"
    "memorysetup-bucket-allocator-bucket-count=8"
    "memorysetup-bucket-allocator-block-size=33554432"
    "memorysetup-bucket-allocator-block-count=8"
    "memorysetup-main-allocator-block-size=16777216"
    "memorysetup-thread-allocator-block-size=16777216"
    "memorysetup-gfx-main-allocator-block-size=16777216"
    "memorysetup-gfx-thread-allocator-block-size=16777216"
    "memorysetup-cache-allocator-block-size=4194304"
    "memorysetup-typetree-allocator-block-size=2097152"
    "memorysetup-profiler-bucket-allocator-granularity=16"
    "memorysetup-profiler-bucket-allocator-bucket-count=8"
    "memorysetup-profiler-bucket-allocator-block-size=33554432"
    "memorysetup-profiler-bucket-allocator-block-count=8"
    "memorysetup-profiler-allocator-block-size=16777216"
    "memorysetup-profiler-editor-allocator-block-size=1048576"
    "memorysetup-temp-allocator-size-main=16777216"
    "memorysetup-job-temp-allocator-block-size=2097152"
    "memorysetup-job-temp-allocator-block-size-background=1048576"
    "memorysetup-job-temp-allocator-reduction-small-platforms=262144"
    "memorysetup-temp-allocator-size-background-worker=32768"
    "memorysetup-temp-allocator-size-job-worker=262144"
    "memorysetup-temp-allocator-size-preload-manager=33554432"
    "memorysetup-temp-allocator-size-nav-mesh-worker=65536"
    "memorysetup-temp-allocator-size-audio-worker=65536"
    "memorysetup-temp-allocator-size-cloud-worker=32768"
    "memorysetup-temp-allocator-size-gi-baking-worker=262144"
    "memorysetup-temp-allocator-size-gfx=262144"
Refreshing native plugins compatible for Editor in 154.17 ms, found 8 plugins.
Preloading 0 native plugins for Editor in 0.00 ms.
Initialize engine version: 2022.1.19f1 (2fd7b40534d1)
[Subsystems] Discovering subsystems at path S:/Unity/2022.1.19f1/Editor/Data/Resources/UnitySubsystems
[Subsystems] Discovering subsystems at path S:/Senior Seminar/Vr_Diagnosis/Diagnosis-Simulator-Official/Diagnosis-Simulator/Assets
GfxDevice: creating device client; threaded=0; jobified=0
Direct3D:
    Version:  Direct3D 11.0 [level 11.1]
    Renderer: AMD Radeon RX 6600 (ID=0x73ff)
    Vendor:   ATI
    VRAM:     8147 MB
    Driver:   31.0.12029.10015
Initialize mono
Mono path[0] = 'S:/Unity/2022.1.19f1/Editor/Data/Managed'
Mono path[1] = 'S:/Unity/2022.1.19f1/Editor/Data/MonoBleedingEdge/lib/mono/unityjit-win32'
Mono config path = 'S:/Unity/2022.1.19f1/Editor/Data/MonoBleedingEdge/etc'
Using monoOptions --debugger-agent=transport=dt_socket,embedding=1,server=y,suspend=n,address=127.0.0.1:56832
Begin MonoManager ReloadAssembly
Registering precompiled unity dll's ...
Register platform support module: S:/Unity/2022.1.19f1/Editor/Data/PlaybackEngines/WindowsStandaloneSupport/UnityEditor.WindowsStandalone.Extensions.dll
Registered in 0.003480 seconds.
Native extension for WindowsStandalone target not found
Refreshing native plugins compatible for Editor in 153.78 ms, found 8 plugins.
Preloading 0 native plugins for Editor in 0.00 ms.
Mono: successfully reloaded assembly
- Completed reload, in  0.970 seconds
Domain Reload Profiling:
	ReloadAssembly (970ms)
		BeginReloadAssembly (110ms)
			ExecutionOrderSort (0ms)
			DisableScriptedObjects (0ms)
			BackupInstance (0ms)
			ReleaseScriptingObjects (0ms)
			CreateAndSetChildDomain (1ms)
		EndReloadAssembly (716ms)
			LoadAssemblies (109ms)
			RebuildTransferFunctionScriptingTraits (0ms)
			SetupTypeCache (163ms)
				TypeCache.Initialize (162ms)
					TypeCache.ScanAssembly (160ms)
				ResolveRequiredComponents (1ms)
			ReleaseScriptCaches (0ms)
			RebuildScriptCaches (39ms)
			SetupLoadedEditorAssemblies (441ms)
				LogAssemblyErrors (0ms)
				InitializePlatformSupportModulesInManaged (9ms)
				SetLoadedEditorAssemblies (8ms)
				RefreshPlugins (154ms)
				BeforeProcessingInitializeOnLoad (3ms)
				ProcessInitializeOnLoadAttributes (190ms)
				ProcessInitializeOnLoadMethodAttributes (77ms)
				AfterProcessingInitializeOnLoad (0ms)
				EditorAssembliesLoaded (0ms)
			ExecutionOrderSort2 (0ms)
			AwakeInstancesAfterBackupRestoration (0ms)
Platform modules already initialized, skipping
Registering precompiled user dll's ...
Registered in 0.011104 seconds.
Begin MonoManager ReloadAssembly
Symbol file LoadedFromMemory doesn't match image S:\Senior Seminar\Vr_Diagnosis\Diagnosis-Simulator-Official\Diagnosis-Simulator\Library\PackageCache\com.unity.visualscripting@1.7.8\Editor\VisualScripting.Core\Dependencies\DotNetZip\Unity.VisualScripting.IonicZip.dll
Symbol file LoadedFromMemory doesn't match image S:\Senior Seminar\Vr_Diagnosis\Diagnosis-Simulator-Official\Diagnosis-Simulator\Library\PackageCache\com.unity.visualscripting@1.7.8\Editor\VisualScripting.Core\Dependencies\YamlDotNet\Unity.VisualScripting.YamlDotNet.dll
Native extension for WindowsStandalone target not found
Refreshing native plugins compatible for Editor in 207.11 ms, found 8 plugins.
Preloading 0 native plugins for Editor in 0.00 ms.
Package Manager log level set to [2]
[Package Manager] Server::EnsureServerProcessIsRunning -- launch failed, reason: Unity was launched with the -noUpm command-line argument
[Package Manager] UpmClient::Send -- Unable to send message (not connected to UPM process).
[Package Manager] Cannot connect to Unity Package Manager local server
Mono: successfully reloaded assembly
[Package Manager] Server::EnsureServerProcessIsRunning -- launch failed, reason: Unity was launched with the -noUpm command-line argument
[Package Manager] UpmClient::Send -- Unable to send message (not connected to UPM process).
[Package Manager] Cannot connect to Unity Package Manager local server
[Package Manager] Server::EnsureServerProcessIsRunning -- launch failed, reason: Unity was launched with the -noUpm command-line argument
[Package Manager] UpmClient::Send -- Unable to send message (not connected to UPM process).
[Package Manager] Cannot connect to Unity Package Manager local server
- Completed reload, in  2.495 seconds
Domain Reload Profiling:
	ReloadAssembly (2496ms)
		BeginReloadAssembly (174ms)
			ExecutionOrderSort (0ms)
			DisableScriptedObjects (8ms)
			BackupInstance (0ms)
			ReleaseScriptingObjects (0ms)
			CreateAndSetChildDomain (23ms)
		EndReloadAssembly (2138ms)
			LoadAssemblies (143ms)
			RebuildTransferFunctionScriptingTraits (0ms)
			SetupTypeCache (607ms)
				TypeCache.Initialize (553ms)
					TypeCache.ScanAssembly (541ms)
				ResolveRequiredComponents (54ms)
			ReleaseScriptCaches (1ms)
			RebuildScriptCaches (129ms)
			SetupLoadedEditorAssemblies (1144ms)
				LogAssemblyErrors (0ms)
				InitializePlatformSupportModulesInManaged (6ms)
				SetLoadedEditorAssemblies (10ms)
				RefreshPlugins (207ms)
				BeforeProcessingInitializeOnLoad (166ms)
				ProcessInitializeOnLoadAttributes (585ms)
				ProcessInitializeOnLoadMethodAttributes (166ms)
				AfterProcessingInitializeOnLoad (3ms)
				EditorAssembliesLoaded (0ms)
			ExecutionOrderSort2 (0ms)
			AwakeInstancesAfterBackupRestoration (11ms)
Platform modules already initialized, skipping
========================================================================
Worker process is ready to serve import requests
Launched and connected shader compiler UnityShaderCompiler.exe after 0.09 seconds
Refreshing native plugins compatible for Editor in 1.99 ms, found 8 plugins.
Preloading 0 native plugins for Editor in 0.00 ms.
Unloading 6090 Unused Serialized files (Serialized files now loaded: 0)
Unloading 52 unused Assets / (349.2 KB). Loaded Objects now: 6544.
Memory consumption went from 0.94 GB to 0.94 GB.
Total: 5.718200 ms (FindLiveObjects: 0.578400 ms CreateObjectMapping: 0.358100 ms MarkObjects: 4.572500 ms  DeleteObjects: 0.208000 ms)

AssetImportParameters requested are different than current active one (requested -> active):
  custom:video-decoder-ogg-theora: a1e56fd34408186e4bbccfd4996cb3dc -> 
  custom:container-muxer-webm: aa71ff27fc2769a1b78a27578f13a17b -> 
  custom:container-demuxer-webm: 4f35f7cbe854078d1ac9338744f61a02 -> 
  custom:video-encoder-webm-vp8: eb34c28f22e8b96e1ab97ce403110664 -> 
  custom:audio-encoder-webm-vorbis: bf7c407c2cedff20999df2af8eb42d56 -> 
  custom:framework-win-MediaFoundation: 216162199b28c13a410421893ffa2e32 -> 
  custom:container-demuxer-ogg: 62fdf1f143b41e24485cea50d1cbac27 -> 
  custom:video-decoder-webm-vp8: 9c59270c3fd7afecdb556c50c9e8de78 -> 
  custom:audio-decoder-ogg-vorbis: bf7c407c2cedff20999df2af8eb42d56 -> 
========================================================================
Received Import Request.
  Time since last request: 1322906.964607 seconds.
  path: Assets/Readme.asset
  artifactKey: Guid(8105016687592461f977c054a80ce2f2) Importer(815301076,1909f56bfc062723c751e8b465ee728b)
Start importing Assets/Readme.asset using Guid(8105016687592461f977c054a80ce2f2) Importer(815301076,1909f56bfc062723c751e8b465ee728b)  -> (artifact id: '928a4b17ed4d34e362a7be6f748d4824') in 0.061442 seconds 
========================================================================
Received Prepare
Registering precompiled user dll's ...
Registered in 0.009956 seconds.
Begin MonoManager ReloadAssembly
Symbol file LoadedFromMemory doesn't match image S:\Senior Seminar\Vr_Diagnosis\Diagnosis-Simulator-Official\Diagnosis-Simulator\Library\PackageCache\com.unity.visualscripting@1.7.8\Editor\VisualScripting.Core\Dependencies\DotNetZip\Unity.VisualScripting.IonicZip.dll
Symbol file LoadedFromMemory doesn't match image S:\Senior Seminar\Vr_Diagnosis\Diagnosis-Simulator-Official\Diagnosis-Simulator\Library\PackageCache\com.unity.visualscripting@1.7.8\Editor\VisualScripting.Core\Dependencies\YamlDotNet\Unity.VisualScripting.YamlDotNet.dll
Native extension for WindowsStandalone target not found
Refreshing native plugins compatible for Editor in 1.43 ms, found 8 plugins.
Preloading 0 native plugins for Editor in 0.00 ms.
[Package Manager] Server::EnsureServerProcessIsRunning -- launch failed, reason: Unity was launched with the -noUpm command-line argument
[Package Manager] UpmClient::Send -- Unable to send message (not connected to UPM process).
[Package Manager] Cannot connect to Unity Package Manager local server
Mono: successfully reloaded assembly
[Package Manager] Server::EnsureServerProcessIsRunning -- launch failed, reason: Unity was launched with the -noUpm command-line argument
[Package Manager] UpmClient::Send -- Unable to send message (not connected to UPM process).
[Package Manager] Cannot connect to Unity Package Manager local server
- Completed reload, in  1.919 seconds
Domain Reload Profiling:
	ReloadAssembly (1920ms)
		BeginReloadAssembly (169ms)
			ExecutionOrderSort (0ms)
			DisableScriptedObjects (8ms)
			BackupInstance (0ms)
			ReleaseScriptingObjects (0ms)
			CreateAndSetChildDomain (50ms)
		EndReloadAssembly (1601ms)
			LoadAssemblies (123ms)
			RebuildTransferFunctionScriptingTraits (0ms)
			SetupTypeCache (459ms)
				TypeCache.Initialize (439ms)
					TypeCache.ScanAssembly (430ms)
				ResolveRequiredComponents (21ms)
			ReleaseScriptCaches (2ms)
			RebuildScriptCaches (77ms)
			SetupLoadedEditorAssemblies (820ms)
				LogAssemblyErrors (0ms)
				InitializePlatformSupportModulesInManaged (18ms)
				SetLoadedEditorAssemblies (8ms)
				RefreshPlugins (2ms)
				BeforeProcessingInitializeOnLoad (137ms)
				ProcessInitializeOnLoadAttributes (507ms)
				ProcessInitializeOnLoadMethodAttributes (145ms)
				AfterProcessingInitializeOnLoad (3ms)
				EditorAssembliesLoaded (0ms)
			ExecutionOrderSort2 (0ms)
			AwakeInstancesAfterBackupRestoration (26ms)
Platform modules already initialized, skipping
Refreshing native plugins compatible for Editor in 5.31 ms, found 8 plugins.
Preloading 0 native plugins for Editor in 0.00 ms.
Unloading 5941 Unused Serialized files (Serialized files now loaded: 0)
Unloading 42 unused Assets / (310.8 KB). Loaded Objects now: 6554.
Memory consumption went from 0.93 GB to 0.93 GB.
Total: 5.775100 ms (FindLiveObjects: 0.475800 ms CreateObjectMapping: 0.190600 ms MarkObjects: 4.998600 ms  DeleteObjects: 0.108500 ms)

AssetImportParameters requested are different than current active one (requested -> active):
  custom:video-decoder-ogg-theora: a1e56fd34408186e4bbccfd4996cb3dc -> 
  custom:container-muxer-webm: aa71ff27fc2769a1b78a27578f13a17b -> 
  custom:container-demuxer-webm: 4f35f7cbe854078d1ac9338744f61a02 -> 
  custom:video-encoder-webm-vp8: eb34c28f22e8b96e1ab97ce403110664 -> 
  custom:audio-encoder-webm-vorbis: bf7c407c2cedff20999df2af8eb42d56 -> 
  custom:framework-win-MediaFoundation: 216162199b28c13a410421893ffa2e32 -> 
  custom:container-demuxer-ogg: 62fdf1f143b41e24485cea50d1cbac27 -> 
  custom:video-decoder-webm-vp8: 9c59270c3fd7afecdb556c50c9e8de78 -> 
  custom:audio-decoder-ogg-vorbis: bf7c407c2cedff20999df2af8eb42d56 -> 
========================================================================
Received Prepare
Registering precompiled user dll's ...
Registered in 0.009193 seconds.
Begin MonoManager ReloadAssembly
Symbol file LoadedFromMemory doesn't match image S:\Senior Seminar\Vr_Diagnosis\Diagnosis-Simulator-Official\Diagnosis-Simulator\Library\PackageCache\com.unity.visualscripting@1.7.8\Editor\VisualScripting.Core\Dependencies\DotNetZip\Unity.VisualScripting.IonicZip.dll
Symbol file LoadedFromMemory doesn't match image S:\Senior Seminar\Vr_Diagnosis\Diagnosis-Simulator-Official\Diagnosis-Simulator\Library\PackageCache\com.unity.visualscripting@1.7.8\Editor\VisualScripting.Core\Dependencies\YamlDotNet\Unity.VisualScripting.YamlDotNet.dll
Native extension for WindowsStandalone target not found
Refreshing native plugins compatible for Editor in 1.68 ms, found 8 plugins.
Preloading 0 native plugins for Editor in 0.00 ms.
[Package Manager] Server::EnsureServerProcessIsRunning -- launch failed, reason: Unity was launched with the -noUpm command-line argument
[Package Manager] UpmClient::Send -- Unable to send message (not connected to UPM process).
[Package Manager] Cannot connect to Unity Package Manager local server
Mono: successfully reloaded assembly
[Package Manager] Server::EnsureServerProcessIsRunning -- launch failed, reason: Unity was launched with the -noUpm command-line argument
[Package Manager] UpmClient::Send -- Unable to send message (not connected to UPM process).
[Package Manager] Cannot connect to Unity Package Manager local server
- Completed reload, in  1.796 seconds
Domain Reload Profiling:
	ReloadAssembly (1797ms)
		BeginReloadAssembly (165ms)
			ExecutionOrderSort (0ms)
			DisableScriptedObjects (6ms)
			BackupInstance (0ms)
			ReleaseScriptingObjects (0ms)
			CreateAndSetChildDomain (56ms)
		EndReloadAssembly (1480ms)
			LoadAssemblies (112ms)
			RebuildTransferFunctionScriptingTraits (0ms)
			SetupTypeCache (439ms)
				TypeCache.Initialize (421ms)
					TypeCache.ScanAssembly (410ms)
				ResolveRequiredComponents (18ms)
			ReleaseScriptCaches (2ms)
			RebuildScriptCaches (76ms)
			SetupLoadedEditorAssemblies (724ms)
				LogAssemblyErrors (0ms)
				InitializePlatformSupportModulesInManaged (14ms)
				SetLoadedEditorAssemblies (9ms)
				RefreshPlugins (2ms)
				BeforeProcessingInitializeOnLoad (121ms)
				ProcessInitializeOnLoadAttributes (446ms)
				ProcessInitializeOnLoadMethodAttributes (128ms)
				AfterProcessingInitializeOnLoad (4ms)
				EditorAssembliesLoaded (0ms)
			ExecutionOrderSort2 (0ms)
			AwakeInstancesAfterBackupRestoration (24ms)
Platform modules already initialized, skipping
Refreshing native plugins compatible for Editor in 5.26 ms, found 8 plugins.
Preloading 0 native plugins for Editor in 0.00 ms.
Unloading 5941 Unused Serialized files (Serialized files now loaded: 0)
Unloading 42 unused Assets / (311.0 KB). Loaded Objects now: 6559.
Memory consumption went from 0.93 GB to 0.93 GB.
Total: 4.506200 ms (FindLiveObjects: 0.467000 ms CreateObjectMapping: 0.184900 ms MarkObjects: 3.766600 ms  DeleteObjects: 0.086400 ms)

AssetImportParameters requested are different than current active one (requested -> active):
  custom:video-decoder-ogg-theora: a1e56fd34408186e4bbccfd4996cb3dc -> 
  custom:container-muxer-webm: aa71ff27fc2769a1b78a27578f13a17b -> 
  custom:container-demuxer-webm: 4f35f7cbe854078d1ac9338744f61a02 -> 
  custom:video-encoder-webm-vp8: eb34c28f22e8b96e1ab97ce403110664 -> 
  custom:audio-encoder-webm-vorbis: bf7c407c2cedff20999df2af8eb42d56 -> 
  custom:framework-win-MediaFoundation: 216162199b28c13a410421893ffa2e32 -> 
  custom:container-demuxer-ogg: 62fdf1f143b41e24485cea50d1cbac27 -> 
  custom:video-decoder-webm-vp8: 9c59270c3fd7afecdb556c50c9e8de78 -> 
  custom:audio-decoder-ogg-vorbis: bf7c407c2cedff20999df2af8eb42d56 -> 
========================================================================
Received Prepare
Registering precompiled user dll's ...
Registered in 0.010711 seconds.
Begin MonoManager ReloadAssembly
Symbol file LoadedFromMemory doesn't match image S:\Senior Seminar\Vr_Diagnosis\Diagnosis-Simulator-Official\Diagnosis-Simulator\Library\PackageCache\com.unity.visualscripting@1.7.8\Editor\VisualScripting.Core\Dependencies\DotNetZip\Unity.VisualScripting.IonicZip.dll
Symbol file LoadedFromMemory doesn't match image S:\Senior Seminar\Vr_Diagnosis\Diagnosis-Simulator-Official\Diagnosis-Simulator\Library\PackageCache\com.unity.visualscripting@1.7.8\Editor\VisualScripting.Core\Dependencies\YamlDotNet\Unity.VisualScripting.YamlDotNet.dll
Native extension for WindowsStandalone target not found
Refreshing native plugins compatible for Editor in 1.76 ms, found 8 plugins.
Preloading 0 native plugins for Editor in 0.00 ms.
[Package Manager] Server::EnsureServerProcessIsRunning -- launch failed, reason: Unity was launched with the -noUpm command-line argument
[Package Manager] UpmClient::Send -- Unable to send message (not connected to UPM process).
[Package Manager] Cannot connect to Unity Package Manager local server
Mono: successfully reloaded assembly
[Package Manager] Server::EnsureServerProcessIsRunning -- launch failed, reason: Unity was launched with the -noUpm command-line argument
[Package Manager] UpmClient::Send -- Unable to send message (not connected to UPM process).
[Package Manager] Cannot connect to Unity Package Manager local server
- Completed reload, in  1.796 seconds
Domain Reload Profiling:
	ReloadAssembly (1797ms)
		BeginReloadAssembly (167ms)
			ExecutionOrderSort (0ms)
			DisableScriptedObjects (7ms)
			BackupInstance (0ms)
			ReleaseScriptingObjects (0ms)
			CreateAndSetChildDomain (45ms)
		EndReloadAssembly (1493ms)
			LoadAssemblies (126ms)
			RebuildTransferFunctionScriptingTraits (0ms)
			SetupTypeCache (451ms)
				TypeCache.Initialize (428ms)
					TypeCache.ScanAssembly (419ms)
				ResolveRequiredComponents (23ms)
			ReleaseScriptCaches (2ms)
			RebuildScriptCaches (71ms)
			SetupLoadedEditorAssemblies (724ms)
				LogAssemblyErrors (0ms)
				InitializePlatformSupportModulesInManaged (18ms)
				SetLoadedEditorAssemblies (9ms)
				RefreshPlugins (2ms)
				BeforeProcessingInitializeOnLoad (118ms)
				ProcessInitializeOnLoadAttributes (442ms)
				ProcessInitializeOnLoadMethodAttributes (130ms)
				AfterProcessingInitializeOnLoad (5ms)
				EditorAssembliesLoaded (0ms)
			ExecutionOrderSort2 (0ms)
			AwakeInstancesAfterBackupRestoration (23ms)
Platform modules already initialized, skipping
Refreshing native plugins compatible for Editor in 6.23 ms, found 8 plugins.
Preloading 0 native plugins for Editor in 0.00 ms.
Unloading 5941 Unused Serialized files (Serialized files now loaded: 0)
Unloading 42 unused Assets / (311.0 KB). Loaded Objects now: 6564.
Memory consumption went from 0.93 GB to 0.93 GB.
Total: 5.466100 ms (FindLiveObjects: 0.521900 ms CreateObjectMapping: 0.479500 ms MarkObjects: 4.378500 ms  DeleteObjects: 0.084100 ms)

AssetImportParameters requested are different than current active one (requested -> active):
  custom:video-decoder-ogg-theora: a1e56fd34408186e4bbccfd4996cb3dc -> 
  custom:container-muxer-webm: aa71ff27fc2769a1b78a27578f13a17b -> 
  custom:container-demuxer-webm: 4f35f7cbe854078d1ac9338744f61a02 -> 
  custom:video-encoder-webm-vp8: eb34c28f22e8b96e1ab97ce403110664 -> 
  custom:audio-encoder-webm-vorbis: bf7c407c2cedff20999df2af8eb42d56 -> 
  custom:framework-win-MediaFoundation: 216162199b28c13a410421893ffa2e32 -> 
  custom:container-demuxer-ogg: 62fdf1f143b41e24485cea50d1cbac27 -> 
  custom:video-decoder-webm-vp8: 9c59270c3fd7afecdb556c50c9e8de78 -> 
  custom:audio-decoder-ogg-vorbis: bf7c407c2cedff20999df2af8eb42d56 -> 
========================================================================
Received Prepare
Registering precompiled user dll's ...
Registered in 0.011462 seconds.
Begin MonoManager ReloadAssembly
Symbol file LoadedFromMemory doesn't match image S:\Senior Seminar\Vr_Diagnosis\Diagnosis-Simulator-Official\Diagnosis-Simulator\Library\PackageCache\com.unity.visualscripting@1.7.8\Editor\VisualScripting.Core\Dependencies\DotNetZip\Unity.VisualScripting.IonicZip.dll
Symbol file LoadedFromMemory doesn't match image S:\Senior Seminar\Vr_Diagnosis\Diagnosis-Simulator-Official\Diagnosis-Simulator\Library\PackageCache\com.unity.visualscripting@1.7.8\Editor\VisualScripting.Core\Dependencies\YamlDotNet\Unity.VisualScripting.YamlDotNet.dll
Native extension for WindowsStandalone target not found
Refreshing native plugins compatible for Editor in 1.28 ms, found 8 plugins.
Preloading 0 native plugins for Editor in 0.00 ms.
[Package Manager] Server::EnsureServerProcessIsRunning -- launch failed, reason: Unity was launched with the -noUpm command-line argument
[Package Manager] UpmClient::Send -- Unable to send message (not connected to UPM process).
[Package Manager] Cannot connect to Unity Package Manager local server
Mono: successfully reloaded assembly
[Package Manager] Server::EnsureServerProcessIsRunning -- launch failed, reason: Unity was launched with the -noUpm command-line argument
[Package Manager] UpmClient::Send -- Unable to send message (not connected to UPM process).
[Package Manager] Cannot connect to Unity Package Manager local server
- Completed reload, in  1.770 seconds
Domain Reload Profiling:
	ReloadAssembly (1771ms)
		BeginReloadAssembly (159ms)
			ExecutionOrderSort (0ms)
			DisableScriptedObjects (7ms)
			BackupInstance (0ms)
			ReleaseScriptingObjects (0ms)
			CreateAndSetChildDomain (48ms)
		EndReloadAssembly (1471ms)
			LoadAssemblies (112ms)
			RebuildTransferFunctionScriptingTraits (0ms)
			SetupTypeCache (431ms)
				TypeCache.Initialize (413ms)
					TypeCache.ScanAssembly (405ms)
				ResolveRequiredComponents (19ms)
			ReleaseScriptCaches (2ms)
			RebuildScriptCaches (64ms)
			SetupLoadedEditorAssemblies (744ms)
				LogAssemblyErrors (0ms)
				InitializePlatformSupportModulesInManaged (15ms)
				SetLoadedEditorAssemblies (7ms)
				RefreshPlugins (1ms)
				BeforeProcessingInitializeOnLoad (111ms)
				ProcessInitializeOnLoadAttributes (476ms)
				ProcessInitializeOnLoadMethodAttributes (129ms)
				AfterProcessingInitializeOnLoad (3ms)
				EditorAssembliesLoaded (0ms)
			ExecutionOrderSort2 (0ms)
			AwakeInstancesAfterBackupRestoration (23ms)
Platform modules already initialized, skipping
Refreshing native plugins compatible for Editor in 5.38 ms, found 8 plugins.
Preloading 0 native plugins for Editor in 0.00 ms.
Unloading 5937 Unused Serialized files (Serialized files now loaded: 0)
Unloading 46 unused Assets / (311.0 KB). Loaded Objects now: 6565.
Memory consumption went from 0.93 GB to 0.93 GB.
Total: 4.797400 ms (FindLiveObjects: 0.458100 ms CreateObjectMapping: 0.170500 ms MarkObjects: 4.063500 ms  DeleteObjects: 0.103800 ms)

AssetImportParameters requested are different than current active one (requested -> active):
  custom:video-decoder-ogg-theora: a1e56fd34408186e4bbccfd4996cb3dc -> 
  custom:container-muxer-webm: aa71ff27fc2769a1b78a27578f13a17b -> 
  custom:container-demuxer-webm: 4f35f7cbe854078d1ac9338744f61a02 -> 
  custom:video-encoder-webm-vp8: eb34c28f22e8b96e1ab97ce403110664 -> 
  custom:audio-encoder-webm-vorbis: bf7c407c2cedff20999df2af8eb42d56 -> 
  custom:framework-win-MediaFoundation: 216162199b28c13a410421893ffa2e32 -> 
  custom:container-demuxer-ogg: 62fdf1f143b41e24485cea50d1cbac27 -> 
  custom:video-decoder-webm-vp8: 9c59270c3fd7afecdb556c50c9e8de78 -> 
  custom:audio-decoder-ogg-vorbis: bf7c407c2cedff20999df2af8eb42d56 -> 
========================================================================
Received Prepare
Registering precompiled user dll's ...
Registered in 0.011223 seconds.
Begin MonoManager ReloadAssembly
Symbol file LoadedFromMemory doesn't match image S:\Senior Seminar\Vr_Diagnosis\Diagnosis-Simulator-Official\Diagnosis-Simulator\Library\PackageCache\com.unity.visualscripting@1.7.8\Editor\VisualScripting.Core\Dependencies\DotNetZip\Unity.VisualScripting.IonicZip.dll
Symbol file LoadedFromMemory doesn't match image S:\Senior Seminar\Vr_Diagnosis\Diagnosis-Simulator-Official\Diagnosis-Simulator\Library\PackageCache\com.unity.visualscripting@1.7.8\Editor\VisualScripting.Core\Dependencies\YamlDotNet\Unity.VisualScripting.YamlDotNet.dll
Native extension for WindowsStandalone target not found
Refreshing native plugins compatible for Editor in 1.74 ms, found 8 plugins.
Preloading 0 native plugins for Editor in 0.00 ms.
[Package Manager] Server::EnsureServerProcessIsRunning -- launch failed, reason: Unity was launched with the -noUpm command-line argument
[Package Manager] UpmClient::Send -- Unable to send message (not connected to UPM process).
[Package Manager] Cannot connect to Unity Package Manager local server
Mono: successfully reloaded assembly
[Package Manager] Server::EnsureServerProcessIsRunning -- launch failed, reason: Unity was launched with the -noUpm command-line argument
[Package Manager] UpmClient::Send -- Unable to send message (not connected to UPM process).
[Package Manager] Cannot connect to Unity Package Manager local server
- Completed reload, in  2.083 seconds
Domain Reload Profiling:
	ReloadAssembly (2084ms)
		BeginReloadAssembly (186ms)
			ExecutionOrderSort (0ms)
			DisableScriptedObjects (14ms)
			BackupInstance (0ms)
			ReleaseScriptingObjects (0ms)
			CreateAndSetChildDomain (55ms)
		EndReloadAssembly (1730ms)
			LoadAssemblies (140ms)
			RebuildTransferFunctionScriptingTraits (0ms)
			SetupTypeCache (512ms)
				TypeCache.Initialize (492ms)
					TypeCache.ScanAssembly (482ms)
				ResolveRequiredComponents (21ms)
			ReleaseScriptCaches (2ms)
			RebuildScriptCaches (87ms)
			SetupLoadedEditorAssemblies (827ms)
				LogAssemblyErrors (0ms)
				InitializePlatformSupportModulesInManaged (15ms)
				SetLoadedEditorAssemblies (9ms)
				RefreshPlugins (2ms)
				BeforeProcessingInitializeOnLoad (121ms)
				ProcessInitializeOnLoadAttributes (527ms)
				ProcessInitializeOnLoadMethodAttributes (150ms)
				AfterProcessingInitializeOnLoad (3ms)
				EditorAssembliesLoaded (0ms)
			ExecutionOrderSort2 (0ms)
			AwakeInstancesAfterBackupRestoration (24ms)
Platform modules already initialized, skipping
Refreshing native plugins compatible for Editor in 5.51 ms, found 8 plugins.
Preloading 0 native plugins for Editor in 0.00 ms.
Unloading 5941 Unused Serialized files (Serialized files now loaded: 0)
Unloading 42 unused Assets / (311.0 KB). Loaded Objects now: 6574.
Memory consumption went from 0.93 GB to 0.93 GB.
Total: 5.332500 ms (FindLiveObjects: 0.570100 ms CreateObjectMapping: 0.359700 ms MarkObjects: 4.280400 ms  DeleteObjects: 0.121000 ms)

AssetImportParameters requested are different than current active one (requested -> active):
  custom:video-decoder-ogg-theora: a1e56fd34408186e4bbccfd4996cb3dc -> 
  custom:container-muxer-webm: aa71ff27fc2769a1b78a27578f13a17b -> 
  custom:container-demuxer-webm: 4f35f7cbe854078d1ac9338744f61a02 -> 
  custom:video-encoder-webm-vp8: eb34c28f22e8b96e1ab97ce403110664 -> 
  custom:audio-encoder-webm-vorbis: bf7c407c2cedff20999df2af8eb42d56 -> 
  custom:framework-win-MediaFoundation: 216162199b28c13a410421893ffa2e32 -> 
  custom:container-demuxer-ogg: 62fdf1f143b41e24485cea50d1cbac27 -> 
  custom:video-decoder-webm-vp8: 9c59270c3fd7afecdb556c50c9e8de78 -> 
  custom:audio-decoder-ogg-vorbis: bf7c407c2cedff20999df2af8eb42d56 -> 
========================================================================
Received Import Request.
  Time since last request: 416489.812918 seconds.
  path: Assets/Samples/XR Interaction Toolkit
  artifactKey: Guid(a498c73d335f60c4fa2f04cf42cbbc85) Importer(815301076,1909f56bfc062723c751e8b465ee728b)
Start importing Assets/Samples/XR Interaction Toolkit using Guid(a498c73d335f60c4fa2f04cf42cbbc85) Importer(815301076,1909f56bfc062723c751e8b465ee728b)  -> (artifact id: 'a7012156cbf691d76fbb70ac05c6d8b1') in 0.710755 seconds 
========================================================================
Received Import Request.
  Time since last request: 1415.585705 seconds.
  path: Assets/AnatomicPack/01_Blood Vessels/Red_blood_cell.fbx
  artifactKey: Guid(7cb45be616e93784ebf9fdca98f5ff67) Importer(815301076,1909f56bfc062723c751e8b465ee728b)
Start importing Assets/AnatomicPack/01_Blood Vessels/Red_blood_cell.fbx using Guid(7cb45be616e93784ebf9fdca98f5ff67) Importer(815301076,1909f56bfc062723c751e8b465ee728b)  -> (artifact id: 'fd93c95ddc3a2dca0fdacbc5f7bd67aa') in 1.676173 seconds 
========================================================================
Received Import Request.
  Time since last request: 0.000042 seconds.
  path: Assets/AnatomicPack/01_Blood Vessels/White_blood_cell.fbx
  artifactKey: Guid(73cc0c75ca68d604bbd7c8b30fa6471a) Importer(815301076,1909f56bfc062723c751e8b465ee728b)
Start importing Assets/AnatomicPack/01_Blood Vessels/White_blood_cell.fbx using Guid(73cc0c75ca68d604bbd7c8b30fa6471a) Importer(815301076,1909f56bfc062723c751e8b465ee728b)  -> (artifact id: '2ad44780dfa8292b9ceb6ad5f40ba012') in 0.082473 seconds 
========================================================================
Received Import Request.
  Time since last request: 6.685314 seconds.
  path: Assets/AnatomicPack/05_Bacteria_Virus/Bacteria_01.fbx
  artifactKey: Guid(74c7b1ce71c038848a074a07fc24c09e) Importer(815301076,1909f56bfc062723c751e8b465ee728b)
Start importing Assets/AnatomicPack/05_Bacteria_Virus/Bacteria_01.fbx using Guid(74c7b1ce71c038848a074a07fc24c09e) Importer(815301076,1909f56bfc062723c751e8b465ee728b)  -> (artifact id: 'ba1b78b95a46236133ff9bcb1f4791ca') in 0.238297 seconds 
========================================================================
Received Import Request.
  Time since last request: 0.002635 seconds.
  path: Assets/AnatomicPack/05_Bacteria_Virus/Bacteria_Long.fbx
  artifactKey: Guid(5584225a6efef6c4cabbd5eb9472f1fc) Importer(815301076,1909f56bfc062723c751e8b465ee728b)
Start importing Assets/AnatomicPack/05_Bacteria_Virus/Bacteria_Long.fbx using Guid(5584225a6efef6c4cabbd5eb9472f1fc) Importer(815301076,1909f56bfc062723c751e8b465ee728b)  -> (artifact id: 'd9ca23cea2a50ace2ef125a22814f667') in 0.063372 seconds 
========================================================================
Received Import Request.
  Time since last request: 0.000040 seconds.
  path: Assets/AnatomicPack/05_Bacteria_Virus/Bacteria_Round.fbx
  artifactKey: Guid(b83bfd858f3074b4081bfa308f17b3a4) Importer(815301076,1909f56bfc062723c751e8b465ee728b)
Start importing Assets/AnatomicPack/05_Bacteria_Virus/Bacteria_Round.fbx using Guid(b83bfd858f3074b4081bfa308f17b3a4) Importer(815301076,1909f56bfc062723c751e8b465ee728b)  -> (artifact id: '53bb5728ed7a2e642528d7ff3b280ac7') in 0.042060 seconds 
========================================================================
Received Import Request.
  Time since last request: 0.000037 seconds.
  path: Assets/AnatomicPack/05_Bacteria_Virus/Bacteria_teeth_group.fbx
  artifactKey: Guid(f4d38f9adeecdd145a5b7d823f59cfb8) Importer(815301076,1909f56bfc062723c751e8b465ee728b)
Start importing Assets/AnatomicPack/05_Bacteria_Virus/Bacteria_teeth_group.fbx using Guid(f4d38f9adeecdd145a5b7d823f59cfb8) Importer(815301076,1909f56bfc062723c751e8b465ee728b)  -> (artifact id: '55f3be964c4367abb50d1e1e9d52b6db') in 0.050485 seconds 
========================================================================
Received Import Request.
  Time since last request: 0.000030 seconds.
  path: Assets/AnatomicPack/05_Bacteria_Virus/Bacteria_tongue03.fbx
  artifactKey: Guid(b59fb82c3b848d34abb7d593c1f8035c) Importer(815301076,1909f56bfc062723c751e8b465ee728b)
Start importing Assets/AnatomicPack/05_Bacteria_Virus/Bacteria_tongue03.fbx using Guid(b59fb82c3b848d34abb7d593c1f8035c) Importer(815301076,1909f56bfc062723c751e8b465ee728b)  -> (artifact id: '495d6bd4f1414e469f52faadf1fe2eae') in 0.065522 seconds 
========================================================================
Received Import Request.
  Time since last request: 0.000044 seconds.
  path: Assets/AnatomicPack/05_Bacteria_Virus/Monocyte_quarter.fbx
  artifactKey: Guid(e86f80b9fd04cb745b768e915ad1ff62) Importer(815301076,1909f56bfc062723c751e8b465ee728b)
Start importing Assets/AnatomicPack/05_Bacteria_Virus/Monocyte_quarter.fbx using Guid(e86f80b9fd04cb745b768e915ad1ff62) Importer(815301076,1909f56bfc062723c751e8b465ee728b)  -> (artifact id: '86e5da82a33e688015a663380b71ee85') in 0.136685 seconds 
========================================================================
Received Import Request.
  Time since last request: 0.000052 seconds.
  path: Assets/AnatomicPack/05_Bacteria_Virus/Virus_T4.fbx
  artifactKey: Guid(aa8ffa1a6e9e401409535cfb2000e369) Importer(815301076,1909f56bfc062723c751e8b465ee728b)
Start importing Assets/AnatomicPack/05_Bacteria_Virus/Virus_T4.fbx using Guid(aa8ffa1a6e9e401409535cfb2000e369) Importer(815301076,1909f56bfc062723c751e8b465ee728b)  -> (artifact id: 'fd7512ca1acde913dbb8a81ae5aafa5b') in 0.114332 seconds 
========================================================================
Received Import Request.
  Time since last request: 0.000043 seconds.
  path: Assets/AnatomicPack/05_Bacteria_Virus/Oocyste.fbx
  artifactKey: Guid(ca76670a821c9ca44ada7eead8d406aa) Importer(815301076,1909f56bfc062723c751e8b465ee728b)
Start importing Assets/AnatomicPack/05_Bacteria_Virus/Oocyste.fbx using Guid(ca76670a821c9ca44ada7eead8d406aa) Importer(815301076,1909f56bfc062723c751e8b465ee728b)  -> (artifact id: '2629a340e2cd8f6f96e67667344bbfb0') in 0.075476 seconds 
========================================================================
Received Import Request.
  Time since last request: 0.000044 seconds.
  path: Assets/AnatomicPack/05_Bacteria_Virus/DENGUE_virus.fbx
  artifactKey: Guid(13ac03c6b0e06a441acf5133317c9c55) Importer(815301076,1909f56bfc062723c751e8b465ee728b)
Start importing Assets/AnatomicPack/05_Bacteria_Virus/DENGUE_virus.fbx using Guid(13ac03c6b0e06a441acf5133317c9c55) Importer(815301076,1909f56bfc062723c751e8b465ee728b)  -> (artifact id: 'a57a4a716da6815aa1ac97b8e8b56d3f') in 0.443801 seconds 
========================================================================
Received Import Request.
  Time since last request: 5.694905 seconds.
  path: Assets/AnatomicPack/02_Anatomy/Brain.fbx
  artifactKey: Guid(73088af79369c494db7a4b6bef4c7117) Importer(815301076,1909f56bfc062723c751e8b465ee728b)
Start importing Assets/AnatomicPack/02_Anatomy/Brain.fbx using Guid(73088af79369c494db7a4b6bef4c7117) Importer(815301076,1909f56bfc062723c751e8b465ee728b)  -> (artifact id: '892df8dbd2ad0aca0ada8cae9de8ced4') in 0.057007 seconds 
========================================================================
Received Import Request.
  Time since last request: 0.000042 seconds.
  path: Assets/AnatomicPack/02_Anatomy/Intestine_inside_Tunnel.fbx
  artifactKey: Guid(5b98f2a5f2dc61f47a082904c5c515e9) Importer(815301076,1909f56bfc062723c751e8b465ee728b)
Start importing Assets/AnatomicPack/02_Anatomy/Intestine_inside_Tunnel.fbx using Guid(5b98f2a5f2dc61f47a082904c5c515e9) Importer(815301076,1909f56bfc062723c751e8b465ee728b)  -> (artifact id: 'ff528e1e7850a8098ef405ad98d8e53b') in 0.062676 seconds 
========================================================================
Received Import Request.
  Time since last request: 0.000035 seconds.
  path: Assets/AnatomicPack/02_Anatomy/Heart.fbx
  artifactKey: Guid(6acfc30d531e6d145bbbce6780e4d30c) Importer(815301076,1909f56bfc062723c751e8b465ee728b)
Start importing Assets/AnatomicPack/02_Anatomy/Heart.fbx using Guid(6acfc30d531e6d145bbbce6780e4d30c) Importer(815301076,1909f56bfc062723c751e8b465ee728b)  -> (artifact id: '989be0919227f8f6d1a86fa94b0132c5') in 0.047759 seconds 
========================================================================
Received Import Request.
  Time since last request: 0.000040 seconds.
  path: Assets/AnatomicPack/02_Anatomy/Stomac_internal.fbx
  artifactKey: Guid(c89150d9b7d1adc4a81211c6dc9586fa) Importer(815301076,1909f56bfc062723c751e8b465ee728b)
Start importing Assets/AnatomicPack/02_Anatomy/Stomac_internal.fbx using Guid(c89150d9b7d1adc4a81211c6dc9586fa) Importer(815301076,1909f56bfc062723c751e8b465ee728b)  -> (artifact id: '5d64a5feeced72cb24cdf09d385c7e8b') in 0.116671 seconds 
========================================================================
Received Import Request.
  Time since last request: 0.000043 seconds.
  path: Assets/AnatomicPack/02_Anatomy/skeleton_veins.fbx
  artifactKey: Guid(800abe7d78091a24a9df93302889f715) Importer(815301076,1909f56bfc062723c751e8b465ee728b)
Start importing Assets/AnatomicPack/02_Anatomy/skeleton_veins.fbx using Guid(800abe7d78091a24a9df93302889f715) Importer(815301076,1909f56bfc062723c751e8b465ee728b)  -> (artifact id: '7336226cf3113fb8f2276bc2ba3b5087') in 0.836762 seconds 
========================================================================
Received Import Request.
  Time since last request: 6.763378 seconds.
  path: Assets/AnatomicPack/02_Anatomy/Materials/bone.mat
  artifactKey: Guid(805d47444a9a3bf49b5638f34eb80a6e) Importer(815301076,1909f56bfc062723c751e8b465ee728b)
Start importing Assets/AnatomicPack/02_Anatomy/Materials/bone.mat using Guid(805d47444a9a3bf49b5638f34eb80a6e) Importer(815301076,1909f56bfc062723c751e8b465ee728b)  -> (artifact id: '54b667fcd513dc6f3c201f2730fa26ca') in 0.060425 seconds 
========================================================================
Received Import Request.
  Time since last request: 0.000044 seconds.
  path: Assets/AnatomicPack/02_Anatomy/Materials/Liver.mat
  artifactKey: Guid(d165f41165845a64a802998cb84fc2bc) Importer(815301076,1909f56bfc062723c751e8b465ee728b)
Start importing Assets/AnatomicPack/02_Anatomy/Materials/Liver.mat using Guid(d165f41165845a64a802998cb84fc2bc) Importer(815301076,1909f56bfc062723c751e8b465ee728b)  -> (artifact id: 'b57edecc3b4652278e2557595804b22d') in 0.021845 seconds 
========================================================================
Received Import Request.
  Time since last request: 0.000034 seconds.
  path: Assets/AnatomicPack/02_Anatomy/Materials/Urethra.mat
  artifactKey: Guid(def83fe4d91d6f64eaa85cf600172d70) Importer(815301076,1909f56bfc062723c751e8b465ee728b)
Start importing Assets/AnatomicPack/02_Anatomy/Materials/Urethra.mat using Guid(def83fe4d91d6f64eaa85cf600172d70) Importer(815301076,1909f56bfc062723c751e8b465ee728b)  -> (artifact id: 'f54e68a8d66f0c8ff9ac40c82488648a') in 0.020691 seconds 
========================================================================
Received Import Request.
  Time since last request: 0.000037 seconds.
  path: Assets/AnatomicPack/02_Anatomy/Materials/veins03.mat
  artifactKey: Guid(23f6915a429bcbd469247c47dd5bacf1) Importer(815301076,1909f56bfc062723c751e8b465ee728b)
Start importing Assets/AnatomicPack/02_Anatomy/Materials/veins03.mat using Guid(23f6915a429bcbd469247c47dd5bacf1) Importer(815301076,1909f56bfc062723c751e8b465ee728b)  -> (artifact id: '80c7387a9296d1acd25497fa7b63832a') in 0.027943 seconds 
========================================================================
Received Import Request.
  Time since last request: 0.000071 seconds.
  path: Assets/AnatomicPack/02_Anatomy/Materials/Heart.mat
  artifactKey: Guid(b0f5d78378b4e884d8b24b0e4ab35520) Importer(815301076,1909f56bfc062723c751e8b465ee728b)
Start importing Assets/AnatomicPack/02_Anatomy/Materials/Heart.mat using Guid(b0f5d78378b4e884d8b24b0e4ab35520) Importer(815301076,1909f56bfc062723c751e8b465ee728b)  -> (artifact id: '1f1f1fcc76ecce02ff9cddba3cbecd24') in 0.014989 seconds 
========================================================================
Received Import Request.
  Time since last request: 0.000033 seconds.
  path: Assets/AnatomicPack/02_Anatomy/Materials/brain.mat
  artifactKey: Guid(3335c5fae73e3e24699994e76b6158b3) Importer(815301076,1909f56bfc062723c751e8b465ee728b)
Start importing Assets/AnatomicPack/02_Anatomy/Materials/brain.mat using Guid(3335c5fae73e3e24699994e76b6158b3) Importer(815301076,1909f56bfc062723c751e8b465ee728b)  -> (artifact id: 'aa52d2fe6bbc8071b06272d11a462d58') in 0.019883 seconds 
========================================================================
Received Import Request.
  Time since last request: 0.000027 seconds.
  path: Assets/AnatomicPack/02_Anatomy/Materials/liquid.mat
  artifactKey: Guid(f82a6b11bb1b42144a19a0b319a36e65) Importer(815301076,1909f56bfc062723c751e8b465ee728b)
Start importing Assets/AnatomicPack/02_Anatomy/Materials/liquid.mat using Guid(f82a6b11bb1b42144a19a0b319a36e65) Importer(815301076,1909f56bfc062723c751e8b465ee728b)  -> (artifact id: '29dbe7b0659a8ad3c553e3c3c8efac0a') in 0.021894 seconds 
========================================================================
Received Import Request.
  Time since last request: 0.000049 seconds.
  path: Assets/AnatomicPack/02_Anatomy/Materials/Vesicle.mat
  artifactKey: Guid(60f403bb8f167b343bc752ba87033c78) Importer(815301076,1909f56bfc062723c751e8b465ee728b)
Start importing Assets/AnatomicPack/02_Anatomy/Materials/Vesicle.mat using Guid(60f403bb8f167b343bc752ba87033c78) Importer(815301076,1909f56bfc062723c751e8b465ee728b)  -> (artifact id: '3e20c8f3e8b7fba6e4bc6561ccff51be') in 0.042241 seconds 
========================================================================
Received Import Request.
  Time since last request: 0.000032 seconds.
  path: Assets/AnatomicPack/02_Anatomy/Materials/Lungs.mat
  artifactKey: Guid(c87cbe34beea93345ac257ab632ac451) Importer(815301076,1909f56bfc062723c751e8b465ee728b)
Start importing Assets/AnatomicPack/02_Anatomy/Materials/Lungs.mat using Guid(c87cbe34beea93345ac257ab632ac451) Importer(815301076,1909f56bfc062723c751e8b465ee728b)  -> (artifact id: '233436709f11b76d3926638e81dbdac0') in 0.019957 seconds 
========================================================================
Received Import Request.
  Time since last request: 0.000054 seconds.
  path: Assets/AnatomicPack/02_Anatomy/Materials/Skin.mat
  artifactKey: Guid(ab106ac073b8c894282f7291aab79c12) Importer(815301076,1909f56bfc062723c751e8b465ee728b)
Start importing Assets/AnatomicPack/02_Anatomy/Materials/Skin.mat using Guid(ab106ac073b8c894282f7291aab79c12) Importer(815301076,1909f56bfc062723c751e8b465ee728b)  -> (artifact id: '00bd92fd2c3e39a7f3d8645acdf4b878') in 0.021628 seconds 
========================================================================
Received Import Request.
  Time since last request: 0.000038 seconds.
  path: Assets/AnatomicPack/02_Anatomy/Materials/Large intestine.mat
  artifactKey: Guid(92654864562852a42b27eb465389475e) Importer(815301076,1909f56bfc062723c751e8b465ee728b)
Start importing Assets/AnatomicPack/02_Anatomy/Materials/Large intestine.mat using Guid(92654864562852a42b27eb465389475e) Importer(815301076,1909f56bfc062723c751e8b465ee728b)  -> (artifact id: '451d2298330653da77beca5cbcfb2e52') in 0.022924 seconds 
========================================================================
Received Import Request.
  Time since last request: 0.000041 seconds.
  path: Assets/AnatomicPack/02_Anatomy/Materials/Pancreas.mat
  artifactKey: Guid(8cca25750887b114fb0fd7e0ddd67627) Importer(815301076,1909f56bfc062723c751e8b465ee728b)
Start importing Assets/AnatomicPack/02_Anatomy/Materials/Pancreas.mat using Guid(8cca25750887b114fb0fd7e0ddd67627) Importer(815301076,1909f56bfc062723c751e8b465ee728b)  -> (artifact id: '126503ebc231444bd0b7e2f4acf99ae8') in 0.024991 seconds 
========================================================================
Received Import Request.
  Time since last request: 0.000047 seconds.
  path: Assets/AnatomicPack/02_Anatomy/Materials/Testicles.mat
  artifactKey: Guid(62bc46d0986576a418de9d626d0fd457) Importer(815301076,1909f56bfc062723c751e8b465ee728b)
Start importing Assets/AnatomicPack/02_Anatomy/Materials/Testicles.mat using Guid(62bc46d0986576a418de9d626d0fd457) Importer(815301076,1909f56bfc062723c751e8b465ee728b)  -> (artifact id: '039c94fd8b5a1d0ff27a6af4b2516e47') in 0.020594 seconds 
========================================================================
Received Import Request.
  Time since last request: 1843.694667 seconds.
  path: Assets/AnatomicPack/02_Anatomy/Materials/Skin.mat
  artifactKey: Guid(ab106ac073b8c894282f7291aab79c12) Importer(815301076,1909f56bfc062723c751e8b465ee728b)
Start importing Assets/AnatomicPack/02_Anatomy/Materials/Skin.mat using Guid(ab106ac073b8c894282f7291aab79c12) Importer(815301076,1909f56bfc062723c751e8b465ee728b)  -> (artifact id: 'f88641e6483ae4d0af34be146cd9e73d') in 3.007448 seconds 
