Using pre-set license
Built from '2022.1/staging' branch; Version is '2022.1.19f1 (2fd7b40534d1) revision 3135412'; Using compiler version '192829333'; Build Type 'Release'
OS: 'Windows 11  (10.0.22621) 64bit Core' Language: 'en' Physical Memory: 8103 MB
BatchMode: 1, IsHumanControllingUs: 0, StartBugReporterOnCrash: 0, Is64bit: 1, IsPro: 1

COMMAND LINE ARGUMENTS:
E:\Apps\Unity\Unity\UnityPro\Unity 2022.1.19f1\Editor\Unity.exe
-adb2
-batchMode
-noUpm
-name
AssetImportWorker552
-projectPath
E:/Apps/GitHub/Diagnosis-Simulator-Official/Diagnosis-Simulator/Diagnosis-Simulator
-logFile
Logs/AssetImportWorker552.log
-srvPort
59640
Successfully changed project path to: E:/Apps/GitHub/Diagnosis-Simulator-Official/Diagnosis-Simulator/Diagnosis-Simulator
E:/Apps/GitHub/Diagnosis-Simulator-Official/Diagnosis-Simulator/Diagnosis-Simulator
[UnityMemory] Configuration Parameters - Can be set up in boot.config
    "memorysetup-bucket-allocator-granularity=16"
    "memorysetup-bucket-allocator-bucket-count=8"
    "memorysetup-bucket-allocator-block-size=33554432"
    "memorysetup-bucket-allocator-block-count=8"
    "memorysetup-main-allocator-block-size=16777216"
    "memorysetup-thread-allocator-block-size=16777216"
    "memorysetup-gfx-main-allocator-block-size=16777216"
    "memorysetup-gfx-thread-allocator-block-size=16777216"
    "memorysetup-cache-allocator-block-size=4194304"
    "memorysetup-typetree-allocator-block-size=2097152"
    "memorysetup-profiler-bucket-allocator-granularity=16"
    "memorysetup-profiler-bucket-allocator-bucket-count=8"
    "memorysetup-profiler-bucket-allocator-block-size=33554432"
    "memorysetup-profiler-bucket-allocator-block-count=8"
    "memorysetup-profiler-allocator-block-size=16777216"
    "memorysetup-profiler-editor-allocator-block-size=1048576"
    "memorysetup-temp-allocator-size-main=16777216"
    "memorysetup-job-temp-allocator-block-size=2097152"
    "memorysetup-job-temp-allocator-block-size-background=1048576"
    "memorysetup-job-temp-allocator-reduction-small-platforms=262144"
    "memorysetup-temp-allocator-size-background-worker=32768"
    "memorysetup-temp-allocator-size-job-worker=262144"
    "memorysetup-temp-allocator-size-preload-manager=33554432"
    "memorysetup-temp-allocator-size-nav-mesh-worker=65536"
    "memorysetup-temp-allocator-size-audio-worker=65536"
    "memorysetup-temp-allocator-size-cloud-worker=32768"
    "memorysetup-temp-allocator-size-gi-baking-worker=262144"
    "memorysetup-temp-allocator-size-gfx=262144"
Refreshing native plugins compatible for Editor in 5074.78 ms, found 8 plugins.
Preloading 0 native plugins for Editor in 0.00 ms.
Initialize engine version: 2022.1.19f1 (2fd7b40534d1)
[Subsystems] Discovering subsystems at path E:/Apps/Unity/Unity/UnityPro/Unity 2022.1.19f1/Editor/Data/Resources/UnitySubsystems
[Subsystems] Discovering subsystems at path E:/Apps/GitHub/Diagnosis-Simulator-Official/Diagnosis-Simulator/Diagnosis-Simulator/Assets
GfxDevice: creating device client; threaded=0; jobified=0
Direct3D:
    Version:  Direct3D 11.0 [level 11.1]
    Renderer: Intel(R) UHD Graphics 620 (ID=0x5917)
    Vendor:   Intel
    VRAM:     4051 MB
    Driver:   27.20.100.9171
Initialize mono
Mono path[0] = 'E:/Apps/Unity/Unity/UnityPro/Unity 2022.1.19f1/Editor/Data/Managed'
Mono path[1] = 'E:/Apps/Unity/Unity/UnityPro/Unity 2022.1.19f1/Editor/Data/MonoBleedingEdge/lib/mono/unityjit-win32'
Mono config path = 'E:/Apps/Unity/Unity/UnityPro/Unity 2022.1.19f1/Editor/Data/MonoBleedingEdge/etc'
Using monoOptions --debugger-agent=transport=dt_socket,embedding=1,server=y,suspend=n,address=127.0.0.1:56432
Begin MonoManager ReloadAssembly
Registering precompiled unity dll's ...
Register platform support module: E:/Apps/Unity/Unity/UnityPro/Unity 2022.1.19f1/Editor/Data/PlaybackEngines/AndroidPlayer/UnityEditor.Android.Extensions.dll
Register platform support module: E:/Apps/Unity/Unity/UnityPro/Unity 2022.1.19f1/Editor/Data/PlaybackEngines/iOSSupport/UnityEditor.iOS.Extensions.dll
Register platform support module: E:/Apps/Unity/Unity/UnityPro/Unity 2022.1.19f1/Editor/Data/PlaybackEngines/WindowsStandaloneSupport/UnityEditor.WindowsStandalone.Extensions.dll
Registered in 0.026430 seconds.
Native extension for WindowsStandalone target not found
[usbmuxd] Start listen thread
[usbmuxd] Listen thread started
Native extension for iOS target not found
Native extension for Android target not found
Refreshing native plugins compatible for Editor in 1186.63 ms, found 8 plugins.
Preloading 0 native plugins for Editor in 0.00 ms.
Mono: successfully reloaded assembly
- Completed reload, in  6.353 seconds
Domain Reload Profiling:
	ReloadAssembly (6357ms)
		BeginReloadAssembly (701ms)
			ExecutionOrderSort (0ms)
			DisableScriptedObjects (0ms)
			BackupInstance (0ms)
			ReleaseScriptingObjects (0ms)
			CreateAndSetChildDomain (3ms)
		EndReloadAssembly (4606ms)
			LoadAssemblies (702ms)
			RebuildTransferFunctionScriptingTraits (0ms)
			SetupTypeCache (1184ms)
				TypeCache.Initialize (1183ms)
					TypeCache.ScanAssembly (1179ms)
				ResolveRequiredComponents (1ms)
			ReleaseScriptCaches (0ms)
			RebuildScriptCaches (114ms)
			SetupLoadedEditorAssemblies (2953ms)
				LogAssemblyErrors (0ms)
				InitializePlatformSupportModulesInManaged (549ms)
				SetLoadedEditorAssemblies (35ms)
				RefreshPlugins (1187ms)
				BeforeProcessingInitializeOnLoad (4ms)
				ProcessInitializeOnLoadAttributes (881ms)
				ProcessInitializeOnLoadMethodAttributes (294ms)
				AfterProcessingInitializeOnLoad (0ms)
				EditorAssembliesLoaded (4ms)
			ExecutionOrderSort2 (0ms)
			AwakeInstancesAfterBackupRestoration (0ms)
Platform modules already initialized, skipping
Registering precompiled user dll's ...
Registered in 0.203430 seconds.
