Using pre-set license
Built from '2022.1/staging' branch; Version is '2022.1.19f1 (2fd7b40534d1) revision 3135412'; Using compiler version '192829333'; Build Type 'Release'
OS: 'Windows 10  (10.0.19044) 64bit Core' Language: 'en' Physical Memory: 32699 MB
BatchMode: 1, IsHumanControllingUs: 0, StartBugReporterOnCrash: 0, Is64bit: 1, IsPro: 1

COMMAND LINE ARGUMENTS:
S:\Unity\2022.1.19f1\Editor\Unity.exe
-adb2
-batchMode
-noUpm
-name
AssetImportWorker2
-projectPath
S:/Github/Medical Demo/Diagnosis-Simulator-Official/Diagnosis-Simulator
-logFile
Logs/AssetImportWorker2.log
-srvPort
50557
Successfully changed project path to: S:/Github/Medical Demo/Diagnosis-Simulator-Official/Diagnosis-Simulator
S:/Github/Medical Demo/Diagnosis-Simulator-Official/Diagnosis-Simulator
[UnityMemory] Configuration Parameters - Can be set up in boot.config
    "memorysetup-bucket-allocator-granularity=16"
    "memorysetup-bucket-allocator-bucket-count=8"
    "memorysetup-bucket-allocator-block-size=33554432"
    "memorysetup-bucket-allocator-block-count=8"
    "memorysetup-main-allocator-block-size=16777216"
    "memorysetup-thread-allocator-block-size=16777216"
    "memorysetup-gfx-main-allocator-block-size=16777216"
    "memorysetup-gfx-thread-allocator-block-size=16777216"
    "memorysetup-cache-allocator-block-size=4194304"
    "memorysetup-typetree-allocator-block-size=2097152"
    "memorysetup-profiler-bucket-allocator-granularity=16"
    "memorysetup-profiler-bucket-allocator-bucket-count=8"
    "memorysetup-profiler-bucket-allocator-block-size=33554432"
    "memorysetup-profiler-bucket-allocator-block-count=8"
    "memorysetup-profiler-allocator-block-size=16777216"
    "memorysetup-profiler-editor-allocator-block-size=1048576"
    "memorysetup-temp-allocator-size-main=16777216"
    "memorysetup-job-temp-allocator-block-size=2097152"
    "memorysetup-job-temp-allocator-block-size-background=1048576"
    "memorysetup-job-temp-allocator-reduction-small-platforms=262144"
    "memorysetup-temp-allocator-size-background-worker=32768"
    "memorysetup-temp-allocator-size-job-worker=262144"
    "memorysetup-temp-allocator-size-preload-manager=33554432"
    "memorysetup-temp-allocator-size-nav-mesh-worker=65536"
    "memorysetup-temp-allocator-size-audio-worker=65536"
    "memorysetup-temp-allocator-size-cloud-worker=32768"
    "memorysetup-temp-allocator-size-gi-baking-worker=262144"
    "memorysetup-temp-allocator-size-gfx=262144"
Refreshing native plugins compatible for Editor in 157.20 ms, found 8 plugins.
Preloading 0 native plugins for Editor in 0.00 ms.
Initialize engine version: 2022.1.19f1 (2fd7b40534d1)
[Subsystems] Discovering subsystems at path S:/Unity/2022.1.19f1/Editor/Data/Resources/UnitySubsystems
[Subsystems] Discovering subsystems at path S:/Github/Medical Demo/Diagnosis-Simulator-Official/Diagnosis-Simulator/Assets
GfxDevice: creating device client; threaded=0; jobified=0
Direct3D:
    Version:  Direct3D 11.0 [level 11.1]
    Renderer: AMD Radeon RX 6600 (ID=0x73ff)
    Vendor:   ATI
    VRAM:     8147 MB
    Driver:   31.0.12029.10015
Initialize mono
Mono path[0] = 'S:/Unity/2022.1.19f1/Editor/Data/Managed'
Mono path[1] = 'S:/Unity/2022.1.19f1/Editor/Data/MonoBleedingEdge/lib/mono/unityjit-win32'
Mono config path = 'S:/Unity/2022.1.19f1/Editor/Data/MonoBleedingEdge/etc'
Using monoOptions --debugger-agent=transport=dt_socket,embedding=1,server=y,suspend=n,address=127.0.0.1:56800
Begin MonoManager ReloadAssembly
Registering precompiled unity dll's ...
Register platform support module: S:/Unity/2022.1.19f1/Editor/Data/PlaybackEngines/WindowsStandaloneSupport/UnityEditor.WindowsStandalone.Extensions.dll
Registered in 0.003372 seconds.
Native extension for WindowsStandalone target not found
Refreshing native plugins compatible for Editor in 141.90 ms, found 8 plugins.
Preloading 0 native plugins for Editor in 0.00 ms.
Mono: successfully reloaded assembly
- Completed reload, in  0.855 seconds
Domain Reload Profiling:
	ReloadAssembly (856ms)
		BeginReloadAssembly (86ms)
			ExecutionOrderSort (0ms)
			DisableScriptedObjects (0ms)
			BackupInstance (0ms)
			ReleaseScriptingObjects (0ms)
			CreateAndSetChildDomain (1ms)
		EndReloadAssembly (640ms)
			LoadAssemblies (85ms)
			RebuildTransferFunctionScriptingTraits (0ms)
			SetupTypeCache (156ms)
				TypeCache.Initialize (155ms)
					TypeCache.ScanAssembly (154ms)
				ResolveRequiredComponents (1ms)
			ReleaseScriptCaches (0ms)
			RebuildScriptCaches (33ms)
			SetupLoadedEditorAssemblies (384ms)
				LogAssemblyErrors (0ms)
				InitializePlatformSupportModulesInManaged (8ms)
				SetLoadedEditorAssemblies (7ms)
				RefreshPlugins (142ms)
				BeforeProcessingInitializeOnLoad (2ms)
				ProcessInitializeOnLoadAttributes (162ms)
				ProcessInitializeOnLoadMethodAttributes (63ms)
				AfterProcessingInitializeOnLoad (0ms)
				EditorAssembliesLoaded (0ms)
			ExecutionOrderSort2 (0ms)
			AwakeInstancesAfterBackupRestoration (0ms)
Platform modules already initialized, skipping
Registering precompiled user dll's ...
Registered in 0.008931 seconds.
Begin MonoManager ReloadAssembly
Symbol file LoadedFromMemory doesn't match image S:\Github\Medical Demo\Diagnosis-Simulator-Official\Diagnosis-Simulator\Library\PackageCache\com.unity.visualscripting@1.7.8\Editor\VisualScripting.Core\Dependencies\DotNetZip\Unity.VisualScripting.IonicZip.dll
Symbol file LoadedFromMemory doesn't match image S:\Github\Medical Demo\Diagnosis-Simulator-Official\Diagnosis-Simulator\Library\PackageCache\com.unity.visualscripting@1.7.8\Editor\VisualScripting.Core\Dependencies\YamlDotNet\Unity.VisualScripting.YamlDotNet.dll
Native extension for WindowsStandalone target not found
Refreshing native plugins compatible for Editor in 154.99 ms, found 8 plugins.
Preloading 0 native plugins for Editor in 0.00 ms.
Package Manager log level set to [2]
[Package Manager] Server::EnsureServerProcessIsRunning -- launch failed, reason: Unity was launched with the -noUpm command-line argument
[Package Manager] UpmClient::Send -- Unable to send message (not connected to UPM process).
[Package Manager] Cannot connect to Unity Package Manager local server
Mono: successfully reloaded assembly
[Package Manager] Server::EnsureServerProcessIsRunning -- launch failed, reason: Unity was launched with the -noUpm command-line argument
[Package Manager] UpmClient::Send -- Unable to send message (not connected to UPM process).
[Package Manager] Cannot connect to Unity Package Manager local server
[Package Manager] Server::EnsureServerProcessIsRunning -- launch failed, reason: Unity was launched with the -noUpm command-line argument
[Package Manager] UpmClient::Send -- Unable to send message (not connected to UPM process).
[Package Manager] Cannot connect to Unity Package Manager local server
- Completed reload, in  1.847 seconds
Domain Reload Profiling:
	ReloadAssembly (1848ms)
		BeginReloadAssembly (130ms)
			ExecutionOrderSort (0ms)
			DisableScriptedObjects (6ms)
			BackupInstance (0ms)
			ReleaseScriptingObjects (0ms)
			CreateAndSetChildDomain (20ms)
		EndReloadAssembly (1583ms)
			LoadAssemblies (107ms)
			RebuildTransferFunctionScriptingTraits (0ms)
			SetupTypeCache (359ms)
				TypeCache.Initialize (343ms)
					TypeCache.ScanAssembly (339ms)
				ResolveRequiredComponents (16ms)
			ReleaseScriptCaches (1ms)
			RebuildScriptCaches (107ms)
			SetupLoadedEditorAssemblies (935ms)
				LogAssemblyErrors (0ms)
				InitializePlatformSupportModulesInManaged (4ms)
				SetLoadedEditorAssemblies (7ms)
				RefreshPlugins (155ms)
				BeforeProcessingInitializeOnLoad (144ms)
				ProcessInitializeOnLoadAttributes (483ms)
				ProcessInitializeOnLoadMethodAttributes (138ms)
				AfterProcessingInitializeOnLoad (3ms)
				EditorAssembliesLoaded (0ms)
			ExecutionOrderSort2 (0ms)
			AwakeInstancesAfterBackupRestoration (11ms)
Platform modules already initialized, skipping
========================================================================
Worker process is ready to serve import requests
Launched and connected shader compiler UnityShaderCompiler.exe after 0.08 seconds
Refreshing native plugins compatible for Editor in 2.02 ms, found 8 plugins.
Preloading 0 native plugins for Editor in 0.00 ms.
Unloading 6094 Unused Serialized files (Serialized files now loaded: 0)
Unloading 52 unused Assets / (351.8 KB). Loaded Objects now: 6550.
Memory consumption went from 0.96 GB to 0.96 GB.
Total: 5.128800 ms (FindLiveObjects: 0.524700 ms CreateObjectMapping: 0.258500 ms MarkObjects: 4.139400 ms  DeleteObjects: 0.205000 ms)

AssetImportParameters requested are different than current active one (requested -> active):
  custom:video-decoder-ogg-theora: a1e56fd34408186e4bbccfd4996cb3dc -> 
  custom:container-muxer-webm: aa71ff27fc2769a1b78a27578f13a17b -> 
  custom:container-demuxer-webm: 4f35f7cbe854078d1ac9338744f61a02 -> 
  custom:video-encoder-webm-vp8: eb34c28f22e8b96e1ab97ce403110664 -> 
  custom:audio-encoder-webm-vorbis: bf7c407c2cedff20999df2af8eb42d56 -> 
  custom:framework-win-MediaFoundation: 216162199b28c13a410421893ffa2e32 -> 
  custom:container-demuxer-ogg: 62fdf1f143b41e24485cea50d1cbac27 -> 
  custom:video-decoder-webm-vp8: 9c59270c3fd7afecdb556c50c9e8de78 -> 
  custom:audio-decoder-ogg-vorbis: bf7c407c2cedff20999df2af8eb42d56 -> 
========================================================================
Received Import Request.
  Time since last request: 548620.533341 seconds.
  path: Assets/AnatomicPack/02_Anatomy/Materials
  artifactKey: Guid(8101b5bdd68f49340b0ccd211b937dc7) Importer(815301076,1909f56bfc062723c751e8b465ee728b)
Start importing Assets/AnatomicPack/02_Anatomy/Materials using Guid(8101b5bdd68f49340b0ccd211b937dc7) Importer(815301076,1909f56bfc062723c751e8b465ee728b)  -> (artifact id: '190bced339869389a21ab57ea75d36be') in 0.024263 seconds 
========================================================================
Received Import Request.
  Time since last request: 0.028746 seconds.
  path: Assets/AnatomicPack/02_Anatomy/Materials/Arteries.mat
  artifactKey: Guid(44e901a636663cc449ca6b5af99e954f) Importer(815301076,1909f56bfc062723c751e8b465ee728b)
Start importing Assets/AnatomicPack/02_Anatomy/Materials/Arteries.mat using Guid(44e901a636663cc449ca6b5af99e954f) Importer(815301076,1909f56bfc062723c751e8b465ee728b)  -> (artifact id: 'f092723a645fac096fc0fb3877330e9c') in 0.508173 seconds 
========================================================================
Received Import Request.
  Time since last request: 0.000035 seconds.
  path: Assets/AnatomicPack/02_Anatomy/Materials/Lungs.mat
  artifactKey: Guid(c87cbe34beea93345ac257ab632ac451) Importer(815301076,1909f56bfc062723c751e8b465ee728b)
Start importing Assets/AnatomicPack/02_Anatomy/Materials/Lungs.mat using Guid(c87cbe34beea93345ac257ab632ac451) Importer(815301076,1909f56bfc062723c751e8b465ee728b)  -> (artifact id: '1c17529ec7e0487191ce482d43bfcbbd') in 0.028331 seconds 
========================================================================
Received Import Request.
  Time since last request: 0.000041 seconds.
  path: Assets/AnatomicPack/02_Anatomy/Materials/Skin.mat
  artifactKey: Guid(ab106ac073b8c894282f7291aab79c12) Importer(815301076,1909f56bfc062723c751e8b465ee728b)
Start importing Assets/AnatomicPack/02_Anatomy/Materials/Skin.mat using Guid(ab106ac073b8c894282f7291aab79c12) Importer(815301076,1909f56bfc062723c751e8b465ee728b)  -> (artifact id: '649b3f461ae57d39b7215a2d5792baaf') in 0.026278 seconds 
========================================================================
Received Import Request.
  Time since last request: 0.000032 seconds.
  path: Assets/AnatomicPack/02_Anatomy/Materials/Large intestine.mat
  artifactKey: Guid(92654864562852a42b27eb465389475e) Importer(815301076,1909f56bfc062723c751e8b465ee728b)
Start importing Assets/AnatomicPack/02_Anatomy/Materials/Large intestine.mat using Guid(92654864562852a42b27eb465389475e) Importer(815301076,1909f56bfc062723c751e8b465ee728b)  -> (artifact id: '333bf6c496fec49b59b8559bd2feae4f') in 0.025471 seconds 
========================================================================
Received Import Request.
  Time since last request: 0.000036 seconds.
  path: Assets/AnatomicPack/02_Anatomy/Materials/Pancreas.mat
  artifactKey: Guid(8cca25750887b114fb0fd7e0ddd67627) Importer(815301076,1909f56bfc062723c751e8b465ee728b)
Start importing Assets/AnatomicPack/02_Anatomy/Materials/Pancreas.mat using Guid(8cca25750887b114fb0fd7e0ddd67627) Importer(815301076,1909f56bfc062723c751e8b465ee728b)  -> (artifact id: 'b2779af584f52279ce9aabf095a0a34c') in 0.024496 seconds 
========================================================================
Received Import Request.
  Time since last request: 10.530543 seconds.
  path: Assets/AnatomicPack/textures
  artifactKey: Guid(f6d0d748a5d9a314a8d75cc91c3a08e3) Importer(815301076,1909f56bfc062723c751e8b465ee728b)
Start importing Assets/AnatomicPack/textures using Guid(f6d0d748a5d9a314a8d75cc91c3a08e3) Importer(815301076,1909f56bfc062723c751e8b465ee728b)  -> (artifact id: '1722f135f22c87819c780238b85d3e28') in 0.009365 seconds 
========================================================================
Received Import Request.
  Time since last request: 1.054238 seconds.
  path: Assets/AnatomicPack/textures/blood_vessel_NM.png
  artifactKey: Guid(cb9bf9ec14ff5184eb7727658a5928d6) Importer(815301076,1909f56bfc062723c751e8b465ee728b)
Start importing Assets/AnatomicPack/textures/blood_vessel_NM.png using Guid(cb9bf9ec14ff5184eb7727658a5928d6) Importer(815301076,1909f56bfc062723c751e8b465ee728b)  -> (artifact id: '1b6b9200e7c2203a234531b785c1391e') in 0.138306 seconds 
========================================================================
Received Import Request.
  Time since last request: 312.026896 seconds.
  path: Assets/AnatomicPack/02_Anatomy/Brain.fbx
  artifactKey: Guid(73088af79369c494db7a4b6bef4c7117) Importer(815301076,1909f56bfc062723c751e8b465ee728b)
Start importing Assets/AnatomicPack/02_Anatomy/Brain.fbx using Guid(73088af79369c494db7a4b6bef4c7117) Importer(815301076,1909f56bfc062723c751e8b465ee728b)  -> (artifact id: '8eef734a598f69e68774d7a3d7d088ea') in 1.701621 seconds 
========================================================================
Received Import Request.
  Time since last request: 24.304474 seconds.
  path: Assets/Scenes/Default_Scene.unity
  artifactKey: Guid(ce81af92e042d334c829f28fd0942081) Importer(815301076,1909f56bfc062723c751e8b465ee728b)
Start importing Assets/Scenes/Default_Scene.unity using Guid(ce81af92e042d334c829f28fd0942081) Importer(815301076,1909f56bfc062723c751e8b465ee728b)  -> (artifact id: '4424c01374c31285bea5feef08c15c9f') in 0.010274 seconds 
========================================================================
Received Import Request.
  Time since last request: 37.576344 seconds.
  path: Assets/Scenes/Brain_Scene.unity
  artifactKey: Guid(1418d1e7d3e4d3d41ba275c8140d1155) Importer(815301076,1909f56bfc062723c751e8b465ee728b)
Start importing Assets/Scenes/Brain_Scene.unity using Guid(1418d1e7d3e4d3d41ba275c8140d1155) Importer(815301076,1909f56bfc062723c751e8b465ee728b)  -> (artifact id: 'f0c46adaf00063f389788eeaf0ab3a58') in 0.002930 seconds 
========================================================================
Received Import Request.
  Time since last request: 35.147825 seconds.
  path: Assets/Scenes/Heart_Scene.unity
  artifactKey: Guid(ead3a190d2df7314383f0d9de1d998a1) Importer(815301076,1909f56bfc062723c751e8b465ee728b)
Start importing Assets/Scenes/Heart_Scene.unity using Guid(ead3a190d2df7314383f0d9de1d998a1) Importer(815301076,1909f56bfc062723c751e8b465ee728b)  -> (artifact id: '330939567697adf2118889fd157d26b7') in 0.008160 seconds 
========================================================================
Received Import Request.
  Time since last request: 34.463007 seconds.
  path: Assets/Scenes/Brain_Scene.unity
  artifactKey: Guid(1418d1e7d3e4d3d41ba275c8140d1155) Importer(815301076,1909f56bfc062723c751e8b465ee728b)
Start importing Assets/Scenes/Brain_Scene.unity using Guid(1418d1e7d3e4d3d41ba275c8140d1155) Importer(815301076,1909f56bfc062723c751e8b465ee728b)  -> (artifact id: 'c458f2cfacbfd8b0ac9b71057a1e5a98') in 0.002442 seconds 
