Using pre-set license
Built from '2022.1/staging' branch; Version is '2022.1.19f1 (2fd7b40534d1) revision 3135412'; Using compiler version '192829333'; Build Type 'Release'
OS: 'Windows 11  (10.0.22621) 64bit Core' Language: 'en' Physical Memory: 8103 MB
BatchMode: 1, IsHumanControllingUs: 0, StartBugReporterOnCrash: 0, Is64bit: 1, IsPro: 1

COMMAND LINE ARGUMENTS:
E:\Apps\Unity\Unity\UnityPro\Unity 2022.1.19f1\Editor\Unity.exe
-adb2
-batchMode
-noUpm
-name
AssetImportWorker491
-projectPath
E:/Apps/GitHub/Diagnosis-Simulator-Official/Diagnosis-Simulator/Diagnosis-Simulator
-logFile
Logs/AssetImportWorker491.log
-srvPort
59640
Successfully changed project path to: E:/Apps/GitHub/Diagnosis-Simulator-Official/Diagnosis-Simulator/Diagnosis-Simulator
E:/Apps/GitHub/Diagnosis-Simulator-Official/Diagnosis-Simulator/Diagnosis-Simulator
[UnityMemory] Configuration Parameters - Can be set up in boot.config
    "memorysetup-bucket-allocator-granularity=16"
    "memorysetup-bucket-allocator-bucket-count=8"
    "memorysetup-bucket-allocator-block-size=33554432"
    "memorysetup-bucket-allocator-block-count=8"
    "memorysetup-main-allocator-block-size=16777216"
    "memorysetup-thread-allocator-block-size=16777216"
    "memorysetup-gfx-main-allocator-block-size=16777216"
    "memorysetup-gfx-thread-allocator-block-size=16777216"
    "memorysetup-cache-allocator-block-size=4194304"
    "memorysetup-typetree-allocator-block-size=2097152"
    "memorysetup-profiler-bucket-allocator-granularity=16"
    "memorysetup-profiler-bucket-allocator-bucket-count=8"
    "memorysetup-profiler-bucket-allocator-block-size=33554432"
    "memorysetup-profiler-bucket-allocator-block-count=8"
    "memorysetup-profiler-allocator-block-size=16777216"
    "memorysetup-profiler-editor-allocator-block-size=1048576"
    "memorysetup-temp-allocator-size-main=16777216"
    "memorysetup-job-temp-allocator-block-size=2097152"
    "memorysetup-job-temp-allocator-block-size-background=1048576"
    "memorysetup-job-temp-allocator-reduction-small-platforms=262144"
    "memorysetup-temp-allocator-size-background-worker=32768"
    "memorysetup-temp-allocator-size-job-worker=262144"
    "memorysetup-temp-allocator-size-preload-manager=33554432"
    "memorysetup-temp-allocator-size-nav-mesh-worker=65536"
    "memorysetup-temp-allocator-size-audio-worker=65536"
    "memorysetup-temp-allocator-size-cloud-worker=32768"
    "memorysetup-temp-allocator-size-gi-baking-worker=262144"
    "memorysetup-temp-allocator-size-gfx=262144"
mdb reader table full -> cleaning up stale readers. Current readers:
    pid     thread     txnid
     25416 5b10 -
     49132 b3b4 -
     25416 b9d4 -
     17444 b8cc -
     34256 6908 -
     39880 6f08 -
     25416 76d0 -
     48936 63b8 -
     30232 a48c -
     38144 95e8 -
      3104 a564 -
      2560 1cbc -
     48632 9d60 -
     13040 51c8 -
     20676 91c -
     16340 718 -
     48668 a9a8 -
     24176 296c -
     18244 bfd8 -
     41908 39a0 -
     27080 398c -
     42880 b520 -
     44868 bcc0 -
     44344 8c30 -
     19220 8338 -
     48156 98a8 -
     38960 35c0 -
     10120 9564 -
     42672 1574 -
     37192 538c -
     11040 ad08 -
     40504 ae48 -
     38368 b190 -
     29940 1b64 -
     33624 4258 -
     28772 99ac -
     37340 2ed0 -
     25416 338 -
     39716 70d4 -
     32372 2c04 -
     36972 54d4 -
       328 7ce4 -
     21124 8250 -
     27960 1d64 -
     31408 a94c -
     42740 1608 -
     16724 7768 -
     34628 bbf8 -
     28020 42b0 -
     40320 4094 -
     33300 7c3c -
     36548 9664 -
     13308 b02c -
      3720 264c -
     14936 8794 -
     20996 93ac -
     10648 bbe4 -
     30336 1f18 -
     40068 bc20 -
     42424 2fa8 -
     39328 4370 -
     35472 2a9c -
      7872 8964 -
     32160 8a38 -
      7276 7ac4 -
     21744 8a30 -
      3976 8404 -
      7612 943c -
     23172 6234 -
     34168 bfe0 -
     29604 4968 -
     22964 9f14 -
     27288 82a4 -
     31472 4848 -
     18500 14cc -
     43780 9868 -
     45224 bb28 -
     32700 b684 -
     15240 28c0 -
      9144 5c04 -
     47120 b744 -
     23500 63dc -
     21944 9e74 -
     11516 bfd0 -
     38320 91e0 -
     34728 b484 -
     41072 1fc -
     12424 8a0 -
     33832 9a7c -
     13424 9410 -
     31212 a828 -
     39768 a6ec -
      1480 bc34 -
     49124 1aa4 -
     42808 8314 -
     45380 9190 -
     38920 a0e4 -
     17672 26c -
     25712 8d44 -
     39728 52a8 -
     26756 754c -
     44576 5f80 -
      3128 bcb8 -
     28088 8aa0 -
      9640 7d20 -
      8500 920c -
     15312 4c94 -
     42456 a468 -
     11340 22b4 -
     34352 b554 -
     47088 78a8 -
     31068 bab4 -
     29808 9884 -
     45564 3c5c -
     43232 a7b8 -
     22404 60c8 -
     14308 b888 -
     38104 1e04 -
     45764 b0ec -
     18080 b97c -
     15748 8bc -
     29392 98bc -
     27852 5ff0 -
      1532 9454 1485
     17004 a1b0 -
     39180 b6a0 -
Cleaned out 118 stale readers
Refreshing native plugins compatible for Editor in 1332.31 ms, found 8 plugins.
Preloading 0 native plugins for Editor in 0.00 ms.
Initialize engine version: 2022.1.19f1 (2fd7b40534d1)
[Subsystems] Discovering subsystems at path E:/Apps/Unity/Unity/UnityPro/Unity 2022.1.19f1/Editor/Data/Resources/UnitySubsystems
[Subsystems] Discovering subsystems at path E:/Apps/GitHub/Diagnosis-Simulator-Official/Diagnosis-Simulator/Diagnosis-Simulator/Assets
GfxDevice: creating device client; threaded=0; jobified=0
Direct3D:
    Version:  Direct3D 11.0 [level 11.1]
    Renderer: Intel(R) UHD Graphics 620 (ID=0x5917)
    Vendor:   Intel
    VRAM:     4051 MB
    Driver:   27.20.100.9171
Initialize mono
Mono path[0] = 'E:/Apps/Unity/Unity/UnityPro/Unity 2022.1.19f1/Editor/Data/Managed'
Mono path[1] = 'E:/Apps/Unity/Unity/UnityPro/Unity 2022.1.19f1/Editor/Data/MonoBleedingEdge/lib/mono/unityjit-win32'
Mono config path = 'E:/Apps/Unity/Unity/UnityPro/Unity 2022.1.19f1/Editor/Data/MonoBleedingEdge/etc'
Using monoOptions --debugger-agent=transport=dt_socket,embedding=1,server=y,suspend=n,address=127.0.0.1:56220
Begin MonoManager ReloadAssembly
Registering precompiled unity dll's ...
Register platform support module: E:/Apps/Unity/Unity/UnityPro/Unity 2022.1.19f1/Editor/Data/PlaybackEngines/AndroidPlayer/UnityEditor.Android.Extensions.dll
Register platform support module: E:/Apps/Unity/Unity/UnityPro/Unity 2022.1.19f1/Editor/Data/PlaybackEngines/iOSSupport/UnityEditor.iOS.Extensions.dll
Register platform support module: E:/Apps/Unity/Unity/UnityPro/Unity 2022.1.19f1/Editor/Data/PlaybackEngines/WindowsStandaloneSupport/UnityEditor.WindowsStandalone.Extensions.dll
Registered in 0.047166 seconds.
Native extension for WindowsStandalone target not found
[usbmuxd] Start listen thread
Native extension for iOS target not found
[usbmuxd] Listen thread started
Native extension for Android target not found
Refreshing native plugins compatible for Editor in 1439.88 ms, found 8 plugins.
Preloading 0 native plugins for Editor in 0.00 ms.
Mono: successfully reloaded assembly
- Completed reload, in  7.209 seconds
Domain Reload Profiling:
	ReloadAssembly (7218ms)
		BeginReloadAssembly (570ms)
			ExecutionOrderSort (0ms)
			DisableScriptedObjects (0ms)
			BackupInstance (0ms)
			ReleaseScriptingObjects (0ms)
			CreateAndSetChildDomain (4ms)
		EndReloadAssembly (5463ms)
			LoadAssemblies (577ms)
			RebuildTransferFunctionScriptingTraits (0ms)
			SetupTypeCache (998ms)
				TypeCache.Initialize (995ms)
					TypeCache.ScanAssembly (986ms)
				ResolveRequiredComponents (3ms)
			ReleaseScriptCaches (0ms)
			RebuildScriptCaches (220ms)
			SetupLoadedEditorAssemblies (3919ms)
				LogAssemblyErrors (1ms)
				InitializePlatformSupportModulesInManaged (633ms)
				SetLoadedEditorAssemblies (41ms)
				RefreshPlugins (1441ms)
				BeforeProcessingInitializeOnLoad (4ms)
				ProcessInitializeOnLoadAttributes (1146ms)
				ProcessInitializeOnLoadMethodAttributes (652ms)
				AfterProcessingInitializeOnLoad (0ms)
				EditorAssembliesLoaded (0ms)
			ExecutionOrderSort2 (0ms)
			AwakeInstancesAfterBackupRestoration (0ms)
Platform modules already initialized, skipping
Registering precompiled user dll's ...
Registered in 0.158081 seconds.
