Using pre-set license
Built from '2022.1/staging' branch; Version is '2022.1.19f1 (2fd7b40534d1) revision 3135412'; Using compiler version '192829333'; Build Type 'Release'
OS: 'Windows 11  (10.0.22621) 64bit Core' Language: 'en' Physical Memory: 8103 MB
BatchMode: 1, IsHumanControllingUs: 0, StartBugReporterOnCrash: 0, Is64bit: 1, IsPro: 1

COMMAND LINE ARGUMENTS:
E:\Apps\Unity\Unity\UnityPro\Unity 2022.1.19f1\Editor\Unity.exe
-adb2
-batchMode
-noUpm
-name
AssetImportWorker134
-projectPath
E:/Apps/GitHub/Diagnosis-Simulator-Official/Diagnosis-Simulator/Diagnosis-Simulator
-logFile
Logs/AssetImportWorker134.log
-srvPort
59640
Successfully changed project path to: E:/Apps/GitHub/Diagnosis-Simulator-Official/Diagnosis-Simulator/Diagnosis-Simulator
E:/Apps/GitHub/Diagnosis-Simulator-Official/Diagnosis-Simulator/Diagnosis-Simulator
[UnityMemory] Configuration Parameters - Can be set up in boot.config
    "memorysetup-bucket-allocator-granularity=16"
    "memorysetup-bucket-allocator-bucket-count=8"
    "memorysetup-bucket-allocator-block-size=33554432"
    "memorysetup-bucket-allocator-block-count=8"
    "memorysetup-main-allocator-block-size=16777216"
    "memorysetup-thread-allocator-block-size=16777216"
    "memorysetup-gfx-main-allocator-block-size=16777216"
    "memorysetup-gfx-thread-allocator-block-size=16777216"
    "memorysetup-cache-allocator-block-size=4194304"
    "memorysetup-typetree-allocator-block-size=2097152"
    "memorysetup-profiler-bucket-allocator-granularity=16"
    "memorysetup-profiler-bucket-allocator-bucket-count=8"
    "memorysetup-profiler-bucket-allocator-block-size=33554432"
    "memorysetup-profiler-bucket-allocator-block-count=8"
    "memorysetup-profiler-allocator-block-size=16777216"
    "memorysetup-profiler-editor-allocator-block-size=1048576"
    "memorysetup-temp-allocator-size-main=16777216"
    "memorysetup-job-temp-allocator-block-size=2097152"
    "memorysetup-job-temp-allocator-block-size-background=1048576"
    "memorysetup-job-temp-allocator-reduction-small-platforms=262144"
    "memorysetup-temp-allocator-size-background-worker=32768"
    "memorysetup-temp-allocator-size-job-worker=262144"
    "memorysetup-temp-allocator-size-preload-manager=33554432"
    "memorysetup-temp-allocator-size-nav-mesh-worker=65536"
    "memorysetup-temp-allocator-size-audio-worker=65536"
    "memorysetup-temp-allocator-size-cloud-worker=32768"
    "memorysetup-temp-allocator-size-gi-baking-worker=262144"
    "memorysetup-temp-allocator-size-gfx=262144"
mdb reader table full -> cleaning up stale readers. Current readers:
    pid     thread     txnid
     25416 5b10 -
     26160 2ca0 -
     25416 b9d4 -
     14940 9674 -
     45608 6fec -
     15740 7294 -
     25416 76d0 -
     35252 84cc -
     42252 4db0 -
     30196 b2a0 -
     35276 5208 -
     23252 9860 -
     40128 5ab0 -
     48252 6e3c -
     44912 6a88 -
     17732 7084 -
     18920 be9c -
      8816 79f4 -
     45932 864c -
     42412 4c10 -
     13056 a1f0 -
     44848 a5ec -
     30728 735c -
      3568 5d5c -
     31216 54f8 -
     37596 7eb4 -
     37980 a144 -
     41084 a10c -
     13560 43f8 -
     24372 2dfc -
     23036 4348 -
     43456 fa0 -
     38492 72f4 -
     27756 1d84 -
     36212 3cbc -
     38972 6ef4 -
     41788 3e98 -
     25416 338 -
     19100 2ac0 -
     45400 a570 -
     47316 81f4 -
     36888 9380 -
     37088 84dc -
      1828 1ddc -
     23260 4414 -
     44400 3d4 -
     28848 6f70 -
     17024 8c58 -
     26096 ae28 -
     23528 1818 -
     34056 1d30 -
     28252 275c -
     24744 6c48 -
     32052 43c4 -
      8184 28e4 -
     41696 993c 1056
     21356 9e98 1056
     34980 c9c 1056
     34740 4110 -
      3748 9b80 -
     39452 a1dc -
     32596 83d8 -
     48292 914c -
     11568 a16c -
     38524 ba9c -
     32984 700c -
     35176 51b4 -
     18460 bf8c -
     37452 ace0 -
     48784 4d10 -
     24248 1928 -
      5056 af40 -
     33308 d38 -
     28436 a9c8 -
     28872 68cc -
     12864 5554 -
     46840 b2d8 -
     44000 75e0 -
     48400 b32c -
     33760 5b4c -
     25852 b61c -
      8428 4058 -
     21684 6814 -
     40816 49bc -
      2328 297c -
      9128 23a4 1085
     22320 b5bc -
     23712 2214 -
     37944 f30 -
     33508 a22c -
     25864 96ec -
     45020 309c -
     41716 5518 -
     34684 25b4 -
      7900 4b58 -
     14472 88a8 -
     40784 bd40 -
     23140 7cf4 -
     23804 a894 -
      7516 760c -
     20032 2650 -
     41416 bfa4 -
     46596 8a64 -
     37288 8854 -
     29036 4214 -
     25816 8abc -
     47044 72f8 -
     34540 763c -
     25664 502c -
     32308 3508 -
     11036 6968 -
     43812 9b7c -
     14096 9ee4 -
     33056 a88c -
     37800 68a8 -
     38916 26f0 -
     31464 9910 -
     40312 7848 -
     46628 7430 -
     20828 9260 -
     37312 427c -
     23836 4904 -
      7736 9ef0 -
     19012 7824 -
     39604 78e8 -
     44856 4990 -
Cleaned out 120 stale readers
Refreshing native plugins compatible for Editor in 1193.90 ms, found 8 plugins.
Preloading 0 native plugins for Editor in 0.00 ms.
Initialize engine version: 2022.1.19f1 (2fd7b40534d1)
[Subsystems] Discovering subsystems at path E:/Apps/Unity/Unity/UnityPro/Unity 2022.1.19f1/Editor/Data/Resources/UnitySubsystems
[Subsystems] Discovering subsystems at path E:/Apps/GitHub/Diagnosis-Simulator-Official/Diagnosis-Simulator/Diagnosis-Simulator/Assets
GfxDevice: creating device client; threaded=0; jobified=0
Direct3D:
    Version:  Direct3D 11.0 [level 11.1]
    Renderer: Intel(R) UHD Graphics 620 (ID=0x5917)
    Vendor:   Intel
    VRAM:     4051 MB
    Driver:   27.20.100.9171
Initialize mono
Mono path[0] = 'E:/Apps/Unity/Unity/UnityPro/Unity 2022.1.19f1/Editor/Data/Managed'
Mono path[1] = 'E:/Apps/Unity/Unity/UnityPro/Unity 2022.1.19f1/Editor/Data/MonoBleedingEdge/lib/mono/unityjit-win32'
Mono config path = 'E:/Apps/Unity/Unity/UnityPro/Unity 2022.1.19f1/Editor/Data/MonoBleedingEdge/etc'
Using monoOptions --debugger-agent=transport=dt_socket,embedding=1,server=y,suspend=n,address=127.0.0.1:56928
Begin MonoManager ReloadAssembly
Registering precompiled unity dll's ...
Register platform support module: E:/Apps/Unity/Unity/UnityPro/Unity 2022.1.19f1/Editor/Data/PlaybackEngines/AndroidPlayer/UnityEditor.Android.Extensions.dll
Register platform support module: E:/Apps/Unity/Unity/UnityPro/Unity 2022.1.19f1/Editor/Data/PlaybackEngines/iOSSupport/UnityEditor.iOS.Extensions.dll
Register platform support module: E:/Apps/Unity/Unity/UnityPro/Unity 2022.1.19f1/Editor/Data/PlaybackEngines/WindowsStandaloneSupport/UnityEditor.WindowsStandalone.Extensions.dll
Registered in 0.019910 seconds.
Native extension for WindowsStandalone target not found
[usbmuxd] Start listen thread
Native extension for iOS target not found
[usbmuxd] Listen thread started
Native extension for Android target not found
Refreshing native plugins compatible for Editor in 981.25 ms, found 8 plugins.
Preloading 0 native plugins for Editor in 0.00 ms.
Mono: successfully reloaded assembly
- Completed reload, in  5.886 seconds
Domain Reload Profiling:
	ReloadAssembly (5887ms)
		BeginReloadAssembly (741ms)
			ExecutionOrderSort (0ms)
			DisableScriptedObjects (0ms)
			BackupInstance (0ms)
			ReleaseScriptingObjects (0ms)
			CreateAndSetChildDomain (6ms)
		EndReloadAssembly (4254ms)
			LoadAssemblies (743ms)
			RebuildTransferFunctionScriptingTraits (4ms)
			SetupTypeCache (1067ms)
				TypeCache.Initialize (1066ms)
					TypeCache.ScanAssembly (1060ms)
				ResolveRequiredComponents (1ms)
			ReleaseScriptCaches (0ms)
			RebuildScriptCaches (203ms)
			SetupLoadedEditorAssemblies (2670ms)
				LogAssemblyErrors (0ms)
				InitializePlatformSupportModulesInManaged (526ms)
				SetLoadedEditorAssemblies (40ms)
				RefreshPlugins (981ms)
				BeforeProcessingInitializeOnLoad (4ms)
				ProcessInitializeOnLoadAttributes (852ms)
				ProcessInitializeOnLoadMethodAttributes (267ms)
				AfterProcessingInitializeOnLoad (0ms)
				EditorAssembliesLoaded (0ms)
			ExecutionOrderSort2 (0ms)
			AwakeInstancesAfterBackupRestoration (0ms)
Platform modules already initialized, skipping
Registering precompiled user dll's ...
Registered in 0.142040 seconds.
