Using pre-set license
Built from '2022.1/staging' branch; Version is '2022.1.19f1 (2fd7b40534d1) revision 3135412'; Using compiler version '192829333'; Build Type 'Release'
OS: 'Windows 11  (10.0.22621) 64bit Core' Language: 'en' Physical Memory: 8103 MB
BatchMode: 1, IsHumanControllingUs: 0, StartBugReporterOnCrash: 0, Is64bit: 1, IsPro: 1

COMMAND LINE ARGUMENTS:
E:\Apps\Unity\Unity\UnityPro\Unity 2022.1.19f1\Editor\Unity.exe
-adb2
-batchMode
-noUpm
-name
AssetImportWorker252
-projectPath
E:/Apps/GitHub/Diagnosis-Simulator-Official/Diagnosis-Simulator/Diagnosis-Simulator
-logFile
Logs/AssetImportWorker252.log
-srvPort
59640
Successfully changed project path to: E:/Apps/GitHub/Diagnosis-Simulator-Official/Diagnosis-Simulator/Diagnosis-Simulator
E:/Apps/GitHub/Diagnosis-Simulator-Official/Diagnosis-Simulator/Diagnosis-Simulator
[UnityMemory] Configuration Parameters - Can be set up in boot.config
    "memorysetup-bucket-allocator-granularity=16"
    "memorysetup-bucket-allocator-bucket-count=8"
    "memorysetup-bucket-allocator-block-size=33554432"
    "memorysetup-bucket-allocator-block-count=8"
    "memorysetup-main-allocator-block-size=16777216"
    "memorysetup-thread-allocator-block-size=16777216"
    "memorysetup-gfx-main-allocator-block-size=16777216"
    "memorysetup-gfx-thread-allocator-block-size=16777216"
    "memorysetup-cache-allocator-block-size=4194304"
    "memorysetup-typetree-allocator-block-size=2097152"
    "memorysetup-profiler-bucket-allocator-granularity=16"
    "memorysetup-profiler-bucket-allocator-bucket-count=8"
    "memorysetup-profiler-bucket-allocator-block-size=33554432"
    "memorysetup-profiler-bucket-allocator-block-count=8"
    "memorysetup-profiler-allocator-block-size=16777216"
    "memorysetup-profiler-editor-allocator-block-size=1048576"
    "memorysetup-temp-allocator-size-main=16777216"
    "memorysetup-job-temp-allocator-block-size=2097152"
    "memorysetup-job-temp-allocator-block-size-background=1048576"
    "memorysetup-job-temp-allocator-reduction-small-platforms=262144"
    "memorysetup-temp-allocator-size-background-worker=32768"
    "memorysetup-temp-allocator-size-job-worker=262144"
    "memorysetup-temp-allocator-size-preload-manager=33554432"
    "memorysetup-temp-allocator-size-nav-mesh-worker=65536"
    "memorysetup-temp-allocator-size-audio-worker=65536"
    "memorysetup-temp-allocator-size-cloud-worker=32768"
    "memorysetup-temp-allocator-size-gi-baking-worker=262144"
    "memorysetup-temp-allocator-size-gfx=262144"
mdb reader table full -> cleaning up stale readers. Current readers:
    pid     thread     txnid
     25416 5b10 -
     30928 8c14 -
     25416 b9d4 -
      6540 7944 -
     40104 a488 -
     47732 b72c -
     25416 76d0 -
     42676 b6e0 -
     30892 a474 -
     14188 b1f0 -
     35016 10f0 -
     48548 86c4 -
     29792 aed0 -
     39664 5944 -
     48572 b4b4 -
     28536 b178 -
     41808 a7f4 -
     47992 4828 -
     32964 979c -
     45460 57e0 -
     18796 9110 -
     34284 7c80 -
     41804 bf70 -
     47116 add4 -
      2476 8bbc -
     46020 910c -
     48932 bab8 -
     16928 8198 -
     40692 aad0 -
     47112 350c -
     25504 9a54 -
     41708 8fb0 -
     28260 53c0 -
     30316 598c -
     30692 ad2c -
     39308 86e0 -
     39364 71bc -
     25416 338 -
     19804 99b0 -
     28192 4c38 -
     22000 1494 -
     15296 a32c -
     26672 ade8 -
     45340 93fc -
     48604 4890 -
     44604 b180 -
     39688 2450 -
     29636 38cc -
     46968 46c4 -
      8208 b4a0 -
     28996 6c34 -
     31332 3e80 -
     42348 8dac -
     31816 6b1c 1176
      5340 7dac -
      1572 7840 -
     20464 76a0 -
     44316 6e8c -
     40348 3bf8 -
     41308 5300 -
     23208 100c -
     46828 8f88 -
     23396 7540 -
     28196 1318 -
     48820 9a20 -
     32720 9250 -
     40624 6ce8 -
     18820 759c -
     42924 9ed0 -
     42504 5e14 -
     34436 b030 -
     44692 4f14 -
     43144 ac9c -
      5912 8570 -
     27980 2c9c -
     30356 2768 -
     48332 b654 -
     32888 95a0 -
     41664 8bc4 -
     37836 8a74 -
     41656 aadc -
     42460 1c10 -
     42864 4b60 -
     42332 5c98 -
     33728 b25c -
     36716 46e4 -
     28036 a464 -
     49000 4c78 -
      4832 4440 -
     42472 8ea8 -
     40368 9140 -
     47804 a774 -
     47948 9544 -
     33888 8dfc -
     47288 9234 -
     36612 7d0c -
     37076 aeb8 -
      9924 2920 -
     28004 3344 -
     32880 80c0 -
     34800 16d8 -
     15736 71ec -
     10580 9ae0 -
     21636 9488 -
     36764 6a54 -
     21696 a23c -
     20324 3fb8 -
     27380 229c -
     40044 4418 -
     28416 a3cc -
     27352 9db8 -
     22688 8af8 -
      7512 4158 -
     17392 50d8 -
     32584 adfc -
     22768 8374 -
      3292 3670 -
      7756 79bc -
     36484 878c -
     22572 995c -
     20944 4250 -
     32740 a360 -
     37648 528 -
     37420 6824 -
     39604 78e8 -
     44856 4990 -
Cleaned out 120 stale readers
Refreshing native plugins compatible for Editor in 2800.30 ms, found 8 plugins.
Preloading 0 native plugins for Editor in 0.00 ms.
Initialize engine version: 2022.1.19f1 (2fd7b40534d1)
[Subsystems] Discovering subsystems at path E:/Apps/Unity/Unity/UnityPro/Unity 2022.1.19f1/Editor/Data/Resources/UnitySubsystems
[Subsystems] Discovering subsystems at path E:/Apps/GitHub/Diagnosis-Simulator-Official/Diagnosis-Simulator/Diagnosis-Simulator/Assets
GfxDevice: creating device client; threaded=0; jobified=0
Direct3D:
    Version:  Direct3D 11.0 [level 11.1]
    Renderer: Intel(R) UHD Graphics 620 (ID=0x5917)
    Vendor:   Intel
    VRAM:     4051 MB
    Driver:   27.20.100.9171
Initialize mono
Mono path[0] = 'E:/Apps/Unity/Unity/UnityPro/Unity 2022.1.19f1/Editor/Data/Managed'
Mono path[1] = 'E:/Apps/Unity/Unity/UnityPro/Unity 2022.1.19f1/Editor/Data/MonoBleedingEdge/lib/mono/unityjit-win32'
Mono config path = 'E:/Apps/Unity/Unity/UnityPro/Unity 2022.1.19f1/Editor/Data/MonoBleedingEdge/etc'
Using monoOptions --debugger-agent=transport=dt_socket,embedding=1,server=y,suspend=n,address=127.0.0.1:56828
Begin MonoManager ReloadAssembly
Registering precompiled unity dll's ...
Register platform support module: E:/Apps/Unity/Unity/UnityPro/Unity 2022.1.19f1/Editor/Data/PlaybackEngines/AndroidPlayer/UnityEditor.Android.Extensions.dll
Register platform support module: E:/Apps/Unity/Unity/UnityPro/Unity 2022.1.19f1/Editor/Data/PlaybackEngines/iOSSupport/UnityEditor.iOS.Extensions.dll
Register platform support module: E:/Apps/Unity/Unity/UnityPro/Unity 2022.1.19f1/Editor/Data/PlaybackEngines/WindowsStandaloneSupport/UnityEditor.WindowsStandalone.Extensions.dll
Registered in 0.056833 seconds.
Native extension for WindowsStandalone target not found
[usbmuxd] Start listen thread
[usbmuxd] Listen thread started
Native extension for iOS target not found
Native extension for Android target not found
Refreshing native plugins compatible for Editor in 978.66 ms, found 8 plugins.
Preloading 0 native plugins for Editor in 0.00 ms.
Mono: successfully reloaded assembly
- Completed reload, in  6.870 seconds
Domain Reload Profiling:
	ReloadAssembly (6879ms)
		BeginReloadAssembly (623ms)
			ExecutionOrderSort (0ms)
			DisableScriptedObjects (0ms)
			BackupInstance (0ms)
			ReleaseScriptingObjects (0ms)
			CreateAndSetChildDomain (2ms)
		EndReloadAssembly (4557ms)
			LoadAssemblies (622ms)
			RebuildTransferFunctionScriptingTraits (0ms)
			SetupTypeCache (1107ms)
				TypeCache.Initialize (1106ms)
					TypeCache.ScanAssembly (1095ms)
				ResolveRequiredComponents (1ms)
			ReleaseScriptCaches (0ms)
			RebuildScriptCaches (199ms)
			SetupLoadedEditorAssemblies (2634ms)
				LogAssemblyErrors (0ms)
				InitializePlatformSupportModulesInManaged (463ms)
				SetLoadedEditorAssemblies (53ms)
				RefreshPlugins (979ms)
				BeforeProcessingInitializeOnLoad (3ms)
				ProcessInitializeOnLoadAttributes (845ms)
				ProcessInitializeOnLoadMethodAttributes (289ms)
				AfterProcessingInitializeOnLoad (0ms)
				EditorAssembliesLoaded (0ms)
			ExecutionOrderSort2 (0ms)
			AwakeInstancesAfterBackupRestoration (0ms)
Platform modules already initialized, skipping
Registering precompiled user dll's ...
Registered in 0.157813 seconds.
